Reading GPU Configurations...
Block Scheduling Policy: ROUND_ROBIN
Warp Scheduling Policy: CCWS
trace type : nvbit
> trace_path: micro_traces/trace8/trace.txt truncate_size: 0
 trace type : nvbit
# of blocks: 1, # of warps: 2, # of Instrs: 64
Macsim started @ Tue Apr 21 18:07:25 2026

**************************************************
========== starting kernel 0 ==========
RAM resp id:0 m_cycle=204 req_time=1 resp_time=203 total_latency=203
core 0 retired
========== kernel 0 summary ==========
Core: 0
	CORE0_TOT_CYCLES   : 884
	CORE0_STALL_CYCLES : 810
	CORE0_LD_INSTR     : 6
	CORE0_ST_INSTR     : 0
	CORE0_TENSOR_INSTR : 0
	CORE0_TOT_INSTR    : 884
GPU Retired.
**************************************************
Simulation finished @ Tue Apr 21 18:07:25 2026

Total simulation time: 0:0:0

============= MacSim Stats =============
Macsim:
	NUM_CYCLES              : 883
	NUM_INSTRS_RETIRED      : 64
	NUM_STALL_CYCLES        : 810
	NUM_MEM_REQUESTS        : 6
	NUM_MEM_RESPONSES       : 6
	AVG_RESPONSE_LATENCY    : 203
	NUM_TTIMEDOUT_REQUESTS  : 0
	INSTR_PER_CYCLE         : 0.072480
Cache:
	CACHE_NUM_ACCESSES    : 70
	CACHE_NUM_HITS        : 34
	CACHE_HIT_RATE_PERC   : 48.57
	MISSES_PER_1000_INSTR : 562.50

========================================

[END OF GPU SIMULATION]
