Reading GPU Configurations...
Block Scheduling Policy: ROUND_ROBIN
Warp Scheduling Policy: ROUND_ROBIN
trace type : nvbit
> trace_path: /storage/ice-shared/cs8803o21/macsim_traces/cnn_half/Kernel0/trace.txt truncate_size: 0
 trace type : nvbit
# of blocks: 184, # of warps: 1472, # of Instrs: 450112
> trace_path: /storage/ice-shared/cs8803o21/macsim_traces/cnn_half/Kernel1/trace.txt truncate_size: 0
 trace type : nvbit
# of blocks: 1024, # of warps: 2048, # of Instrs: 4253744
> trace_path: /storage/ice-shared/cs8803o21/macsim_traces/cnn_half/Kernel2/trace.txt truncate_size: 0
 trace type : nvbit
# of blocks: 2048, # of warps: 8192, # of Instrs: 1581056
> trace_path: /storage/ice-shared/cs8803o21/macsim_traces/cnn_half/Kernel3/trace.txt truncate_size: 0
 trace type : nvbit
# of blocks: 2048, # of warps: 8192, # of Instrs: 352256
> trace_path: /storage/ice-shared/cs8803o21/macsim_traces/cnn_half/Kernel4/trace.txt truncate_size: 0
 trace type : nvbit
# of blocks: 1024, # of warps: 8192, # of Instrs: 2196650
> trace_path: /storage/ice-shared/cs8803o21/macsim_traces/cnn_half/Kernel5/trace.txt truncate_size: 0
 trace type : nvbit
# of blocks: 256, # of warps: 2048, # of Instrs: 362560
> trace_path: /storage/ice-shared/cs8803o21/macsim_traces/cnn_half/Kernel6/trace.txt truncate_size: 0
 trace type : nvbit
# of blocks: 64, # of warps: 512, # of Instrs: 77120
> trace_path: /storage/ice-shared/cs8803o21/macsim_traces/cnn_half/Kernel7/trace.txt truncate_size: 0
 trace type : nvbit
# of blocks: 5, # of warps: 40, # of Instrs: 3071
> trace_path: /storage/ice-shared/cs8803o21/macsim_traces/cnn_half/Kernel8/trace.txt truncate_size: 0
 trace type : nvbit
# of blocks: 32, # of warps: 256, # of Instrs: 2740160
> trace_path: /storage/ice-shared/cs8803o21/macsim_traces/cnn_half/Kernel9/trace.txt truncate_size: 0
 trace type : nvbit
# of blocks: 512, # of warps: 4096, # of Instrs: 681600
> trace_path: /storage/ice-shared/cs8803o21/macsim_traces/cnn_half/Kernel10/trace.txt truncate_size: 0
 trace type : nvbit
# of blocks: 1024, # of warps: 4096, # of Instrs: 790528
> trace_path: /storage/ice-shared/cs8803o21/macsim_traces/cnn_half/Kernel11/trace.txt truncate_size: 0
 trace type : nvbit
# of blocks: 1024, # of warps: 4096, # of Instrs: 176128
> trace_path: /storage/ice-shared/cs8803o21/macsim_traces/cnn_half/Kernel12/trace.txt truncate_size: 0
 trace type : nvbit
# of blocks: 512, # of warps: 4096, # of Instrs: 1095747
> trace_path: /storage/ice-shared/cs8803o21/macsim_traces/cnn_half/Kernel13/trace.txt truncate_size: 0
 trace type : nvbit
# of blocks: 32, # of warps: 512, # of Instrs: 91648
> trace_path: /storage/ice-shared/cs8803o21/macsim_traces/cnn_half/Kernel14/trace.txt truncate_size: 0
 trace type : nvbit
# of blocks: 2, # of warps: 8, # of Instrs: 5036
Macsim started @ Tue Apr 21 17:54:48 2026

**************************************************
========== starting kernel 0 ==========
RAM resp id:0 m_cycle=1264 req_time=1061 resp_time=203 total_latency=203
RAM resp id:1000 m_cycle=32991 req_time=0 resp_time=0 total_latency=155572
RAM resp id:2000 m_cycle=55752 req_time=0 resp_time=0 total_latency=259668
core 1 retired
core 0 retired
core 2 retired
core 3 retired
core 4 retired
core 5 retired
core 6 retired
core 7 retired
========== kernel 0 summary ==========
Core: 0
	CORE0_TOT_CYCLES   : 65450
	CORE0_STALL_CYCLES : 8817
	CORE0_LD_INSTR     : 0
	CORE0_ST_INSTR     : 183
	CORE0_TENSOR_INSTR : 0
	CORE0_TOT_INSTR    : 65450
Core: 1
	CORE1_TOT_CYCLES   : 65449
	CORE1_STALL_CYCLES : 8816
	CORE1_LD_INSTR     : 0
	CORE1_ST_INSTR     : 183
	CORE1_TENSOR_INSTR : 0
	CORE1_TOT_INSTR    : 65449
Core: 2
	CORE2_TOT_CYCLES   : 65503
	CORE2_STALL_CYCLES : 8870
	CORE2_LD_INSTR     : 0
	CORE2_ST_INSTR     : 183
	CORE2_TENSOR_INSTR : 0
	CORE2_TOT_INSTR    : 65503
Core: 3
	CORE3_TOT_CYCLES   : 65512
	CORE3_STALL_CYCLES : 8879
	CORE3_LD_INSTR     : 0
	CORE3_ST_INSTR     : 183
	CORE3_TENSOR_INSTR : 0
	CORE3_TOT_INSTR    : 65512
Core: 4
	CORE4_TOT_CYCLES   : 65520
	CORE4_STALL_CYCLES : 8887
	CORE4_LD_INSTR     : 0
	CORE4_ST_INSTR     : 183
	CORE4_TENSOR_INSTR : 0
	CORE4_TOT_INSTR    : 65520
Core: 5
	CORE5_TOT_CYCLES   : 65526
	CORE5_STALL_CYCLES : 8893
	CORE5_LD_INSTR     : 0
	CORE5_ST_INSTR     : 183
	CORE5_TENSOR_INSTR : 0
	CORE5_TOT_INSTR    : 65526
Core: 6
	CORE6_TOT_CYCLES   : 65532
	CORE6_STALL_CYCLES : 8899
	CORE6_LD_INSTR     : 0
	CORE6_ST_INSTR     : 183
	CORE6_TENSOR_INSTR : 0
	CORE6_TOT_INSTR    : 65532
Core: 7
	CORE7_TOT_CYCLES   : 65538
	CORE7_STALL_CYCLES : 8905
	CORE7_LD_INSTR     : 0
	CORE7_ST_INSTR     : 183
	CORE7_TENSOR_INSTR : 0
	CORE7_TOT_INSTR    : 65538
========== starting kernel 1 ==========
RAM resp id:3000 m_cycle=73128 req_time=0 resp_time=0 total_latency=377689
RAM resp id:4000 m_cycle=76714 req_time=0 resp_time=0 total_latency=480869
RAM resp id:5000 m_cycle=80135 req_time=79932 resp_time=203 total_latency=582843
RAM resp id:6000 m_cycle=83633 req_time=0 resp_time=0 total_latency=684199
RAM resp id:7000 m_cycle=91287 req_time=91084 resp_time=203 total_latency=792004
RAM resp id:8000 m_cycle=94800 req_time=0 resp_time=0 total_latency=894963
RAM resp id:9000 m_cycle=98225 req_time=0 resp_time=0 total_latency=996690
[Cycle: 100000]: mem_requests: 9568, mem_responses: 9522, avg_latency: 110
RAM resp id:10000 m_cycle=102037 req_time=101834 resp_time=203 total_latency=1098227
RAM resp id:11000 m_cycle=107499 req_time=107296 resp_time=203 total_latency=1205231
RAM resp id:12000 m_cycle=111084 req_time=110881 resp_time=203 total_latency=1309195
RAM resp id:13000 m_cycle=114475 req_time=114272 resp_time=203 total_latency=1411118
RAM resp id:14000 m_cycle=118616 req_time=118413 resp_time=203 total_latency=1514681
RAM resp id:15000 m_cycle=123745 req_time=0 resp_time=0 total_latency=1619450
RAM resp id:16000 m_cycle=127355 req_time=0 resp_time=0 total_latency=1724241
RAM resp id:17000 m_cycle=130865 req_time=0 resp_time=0 total_latency=1824969
RAM resp id:18000 m_cycle=135037 req_time=134834 resp_time=203 total_latency=1930549
RAM resp id:19000 m_cycle=139416 req_time=139213 resp_time=203 total_latency=2032697
RAM resp id:20000 m_cycle=143306 req_time=143103 resp_time=203 total_latency=2137888
RAM resp id:21000 m_cycle=146937 req_time=0 resp_time=0 total_latency=2238801
RAM resp id:22000 m_cycle=151070 req_time=150867 resp_time=203 total_latency=2344400
RAM resp id:23000 m_cycle=155699 req_time=155496 resp_time=203 total_latency=2448362
RAM resp id:24000 m_cycle=159503 req_time=0 resp_time=0 total_latency=2552129
RAM resp id:25000 m_cycle=163204 req_time=163001 resp_time=203 total_latency=2653059
RAM resp id:26000 m_cycle=167412 req_time=0 resp_time=0 total_latency=2758235
RAM resp id:27000 m_cycle=171559 req_time=0 resp_time=0 total_latency=2863421
RAM resp id:28000 m_cycle=175349 req_time=0 resp_time=0 total_latency=2965163
RAM resp id:29000 m_cycle=179115 req_time=178912 resp_time=203 total_latency=3066699
RAM resp id:30000 m_cycle=183310 req_time=183107 resp_time=203 total_latency=3171081
RAM resp id:31000 m_cycle=187452 req_time=187249 resp_time=203 total_latency=3276275
RAM resp id:32000 m_cycle=191083 req_time=0 resp_time=0 total_latency=3377603
RAM resp id:33000 m_cycle=194934 req_time=194731 resp_time=203 total_latency=3478746
[Cycle: 200000]: mem_requests: 34028, mem_responses: 33981, avg_latency: 105
RAM resp id:34000 m_cycle=200075 req_time=0 resp_time=0 total_latency=3582910
RAM resp id:35000 m_cycle=203832 req_time=203629 resp_time=203 total_latency=3685038
RAM resp id:36000 m_cycle=207494 req_time=0 resp_time=0 total_latency=3788599
RAM resp id:37000 m_cycle=212511 req_time=0 resp_time=0 total_latency=3890533
RAM resp id:38000 m_cycle=217284 req_time=0 resp_time=0 total_latency=3995905
RAM resp id:39000 m_cycle=220714 req_time=220511 resp_time=203 total_latency=4097666
RAM resp id:40000 m_cycle=224148 req_time=0 resp_time=0 total_latency=4198378
RAM resp id:41000 m_cycle=229254 req_time=229051 resp_time=203 total_latency=4300106
RAM resp id:42000 m_cycle=233611 req_time=0 resp_time=0 total_latency=4403258
RAM resp id:43000 m_cycle=237037 req_time=0 resp_time=0 total_latency=4504588
RAM resp id:44000 m_cycle=240444 req_time=0 resp_time=0 total_latency=4606530
RAM resp id:45000 m_cycle=245782 req_time=0 resp_time=0 total_latency=4706438
RAM resp id:46000 m_cycle=249738 req_time=0 resp_time=0 total_latency=4810422
RAM resp id:47000 m_cycle=253197 req_time=0 resp_time=0 total_latency=4912364
RAM resp id:48000 m_cycle=256702 req_time=256499 resp_time=203 total_latency=5013286
RAM resp id:49000 m_cycle=262220 req_time=262017 resp_time=203 total_latency=5115207
RAM resp id:50000 m_cycle=266103 req_time=0 resp_time=0 total_latency=5218176
RAM resp id:51000 m_cycle=269540 req_time=269337 resp_time=203 total_latency=5319913
RAM resp id:52000 m_cycle=273624 req_time=273421 resp_time=203 total_latency=5421041
RAM resp id:53000 m_cycle=278338 req_time=0 resp_time=0 total_latency=5523976
RAM resp id:54000 m_cycle=281985 req_time=281782 resp_time=203 total_latency=5625712
RAM resp id:55000 m_cycle=285743 req_time=0 resp_time=0 total_latency=5726027
RAM resp id:56000 m_cycle=289938 req_time=289735 resp_time=203 total_latency=5828786
RAM resp id:57000 m_cycle=294150 req_time=293947 resp_time=203 total_latency=5930928
RAM resp id:58000 m_cycle=297807 req_time=297604 resp_time=203 total_latency=6032659
[Cycle: 300000]: mem_requests: 58474, mem_responses: 58424, avg_latency: 103
RAM resp id:59000 m_cycle=302323 req_time=302120 resp_time=203 total_latency=6134191
RAM resp id:60000 m_cycle=305902 req_time=305699 resp_time=203 total_latency=6235103
RAM resp id:61000 m_cycle=309992 req_time=309789 resp_time=203 total_latency=6337469
RAM resp id:62000 m_cycle=313804 req_time=313601 resp_time=203 total_latency=6438605
RAM resp id:63000 m_cycle=318131 req_time=317928 resp_time=203 total_latency=6542163
RAM resp id:64000 m_cycle=321698 req_time=0 resp_time=0 total_latency=6643492
RAM resp id:65000 m_cycle=325836 req_time=325633 resp_time=203 total_latency=6746233
RAM resp id:66000 m_cycle=329518 req_time=0 resp_time=0 total_latency=6847348
RAM resp id:67000 m_cycle=334055 req_time=333852 resp_time=203 total_latency=6952128
RAM resp id:68000 m_cycle=337647 req_time=337444 resp_time=203 total_latency=7053869
RAM resp id:69000 m_cycle=341806 req_time=0 resp_time=0 total_latency=7157026
RAM resp id:70000 m_cycle=346015 req_time=0 resp_time=0 total_latency=7259172
RAM resp id:71000 m_cycle=349836 req_time=0 resp_time=0 total_latency=7361740
RAM resp id:72000 m_cycle=353511 req_time=0 resp_time=0 total_latency=7462465
RAM resp id:73000 m_cycle=357663 req_time=357460 resp_time=203 total_latency=7565827
RAM resp id:74000 m_cycle=361916 req_time=361713 resp_time=203 total_latency=7667968
RAM resp id:75000 m_cycle=365637 req_time=0 resp_time=0 total_latency=7768694
RAM resp id:76000 m_cycle=369222 req_time=369019 resp_time=203 total_latency=7870634
RAM resp id:77000 m_cycle=373399 req_time=373196 resp_time=203 total_latency=7972969
RAM resp id:78000 m_cycle=377782 req_time=377579 resp_time=203 total_latency=8075501
RAM resp id:79000 m_cycle=381436 req_time=0 resp_time=0 total_latency=8177439
RAM resp id:80000 m_cycle=385057 req_time=0 resp_time=0 total_latency=8278562
RAM resp id:81000 m_cycle=389185 req_time=388982 resp_time=203 total_latency=8380294
RAM resp id:82000 m_cycle=393383 req_time=393180 resp_time=203 total_latency=8483439
RAM resp id:83000 m_cycle=397044 req_time=0 resp_time=0 total_latency=8584768
[Cycle: 400000]: mem_requests: 83895, mem_responses: 83839, avg_latency: 103
RAM resp id:84000 m_cycle=400691 req_time=400488 resp_time=203 total_latency=8686501
RAM resp id:85000 m_cycle=404780 req_time=0 resp_time=0 total_latency=8788224
RAM resp id:86000 m_cycle=408964 req_time=408761 resp_time=203 total_latency=8891367
RAM resp id:87000 m_cycle=412598 req_time=412395 resp_time=203 total_latency=8993107
RAM resp id:88000 m_cycle=416247 req_time=0 resp_time=0 total_latency=9093826
RAM resp id:89000 m_cycle=420371 req_time=0 resp_time=0 total_latency=9195546
RAM resp id:90000 m_cycle=424432 req_time=0 resp_time=0 total_latency=9298301
RAM resp id:91000 m_cycle=428086 req_time=0 resp_time=0 total_latency=9400450
RAM resp id:92000 m_cycle=431930 req_time=0 resp_time=0 total_latency=9501179
RAM resp id:93000 m_cycle=438302 req_time=438099 resp_time=203 total_latency=9604124
RAM resp id:94000 m_cycle=441922 req_time=441719 resp_time=203 total_latency=9706464
RAM resp id:95000 m_cycle=445805 req_time=445602 resp_time=203 total_latency=9807791
RAM resp id:96000 m_cycle=449833 req_time=0 resp_time=0 total_latency=9910333
RAM resp id:97000 m_cycle=454296 req_time=454093 resp_time=203 total_latency=10013292
RAM resp id:98000 m_cycle=458396 req_time=0 resp_time=0 total_latency=10115014
RAM resp id:99000 m_cycle=462546 req_time=0 resp_time=0 total_latency=10218995
RAM resp id:100000 m_cycle=466350 req_time=466147 resp_time=203 total_latency=10320731
RAM resp id:101000 m_cycle=470307 req_time=0 resp_time=0 total_latency=10423882
RAM resp id:102000 m_cycle=474311 req_time=474108 resp_time=203 total_latency=10524806
RAM resp id:103000 m_cycle=478560 req_time=0 resp_time=0 total_latency=10626742
RAM resp id:104000 m_cycle=482815 req_time=0 resp_time=0 total_latency=10728463
RAM resp id:105000 m_cycle=486515 req_time=486312 resp_time=203 total_latency=10831030
RAM resp id:106000 m_cycle=490601 req_time=490398 resp_time=203 total_latency=10931344
RAM resp id:107000 m_cycle=495728 req_time=495525 resp_time=203 total_latency=11034910
RAM resp id:108000 m_cycle=499335 req_time=499132 resp_time=203 total_latency=11137235
[Cycle: 500000]: mem_requests: 108253, mem_responses: 108190, avg_latency: 103
RAM resp id:109000 m_cycle=503351 req_time=503148 resp_time=203 total_latency=11237950
RAM resp id:110000 m_cycle=507087 req_time=506884 resp_time=203 total_latency=11340298
RAM resp id:111000 m_cycle=511470 req_time=0 resp_time=0 total_latency=11442027
RAM resp id:112000 m_cycle=514977 req_time=514774 resp_time=203 total_latency=11544362
RAM resp id:113000 m_cycle=518953 req_time=518750 resp_time=203 total_latency=11645075
RAM resp id:114000 m_cycle=522660 req_time=0 resp_time=0 total_latency=11747000
RAM resp id:115000 m_cycle=526948 req_time=526745 resp_time=203 total_latency=11849136
RAM resp id:116000 m_cycle=530506 req_time=0 resp_time=0 total_latency=11950878
RAM resp id:117000 m_cycle=534475 req_time=0 resp_time=0 total_latency=12051593
RAM resp id:118000 m_cycle=538248 req_time=538045 resp_time=203 total_latency=12153732
RAM resp id:119000 m_cycle=542458 req_time=0 resp_time=0 total_latency=12256081
RAM resp id:120000 m_cycle=546035 req_time=0 resp_time=0 total_latency=12358021
RAM resp id:121000 m_cycle=549940 req_time=549737 resp_time=203 total_latency=12459362
RAM resp id:122000 m_cycle=553728 req_time=0 resp_time=0 total_latency=12560691
RAM resp id:123000 m_cycle=558316 req_time=558112 resp_time=204 total_latency=12663431
RAM resp id:124000 m_cycle=561981 req_time=561778 resp_time=203 total_latency=12765565
RAM resp id:125000 m_cycle=565906 req_time=0 resp_time=0 total_latency=12866877
RAM resp id:126000 m_cycle=569699 req_time=0 resp_time=0 total_latency=12969825
RAM resp id:127000 m_cycle=574105 req_time=573902 resp_time=203 total_latency=13073415
RAM resp id:128000 m_cycle=577857 req_time=577654 resp_time=203 total_latency=13176363
RAM resp id:129000 m_cycle=581822 req_time=0 resp_time=0 total_latency=13278904
RAM resp id:130000 m_cycle=585572 req_time=585369 resp_time=203 total_latency=13381452
RAM resp id:131000 m_cycle=589769 req_time=0 resp_time=0 total_latency=13484407
RAM resp id:132000 m_cycle=593459 req_time=0 resp_time=0 total_latency=13585738
RAM resp id:133000 m_cycle=597462 req_time=0 resp_time=0 total_latency=13687481
[Cycle: 600000]: mem_requests: 133730, mem_responses: 133670, avg_latency: 102
RAM resp id:134000 m_cycle=601209 req_time=601006 resp_time=203 total_latency=13789212
RAM resp id:135000 m_cycle=605335 req_time=0 resp_time=0 total_latency=13891751
RAM resp id:136000 m_cycle=608906 req_time=0 resp_time=0 total_latency=13993487
RAM resp id:137000 m_cycle=612848 req_time=612644 resp_time=204 total_latency=14094413
RAM resp id:138000 m_cycle=616980 req_time=0 resp_time=0 total_latency=14196541
RAM resp id:139000 m_cycle=620917 req_time=620714 resp_time=203 total_latency=14298889
RAM resp id:140000 m_cycle=624445 req_time=0 resp_time=0 total_latency=14400825
RAM resp id:141000 m_cycle=628377 req_time=0 resp_time=0 total_latency=14501956
RAM resp id:142000 m_cycle=632356 req_time=632153 resp_time=203 total_latency=14604087
RAM resp id:143000 m_cycle=636450 req_time=636247 resp_time=203 total_latency=14707850
RAM resp id:144000 m_cycle=639936 req_time=639733 resp_time=203 total_latency=14809384
RAM resp id:145000 m_cycle=643941 req_time=643738 resp_time=203 total_latency=14910097
RAM resp id:146000 m_cycle=647912 req_time=647709 resp_time=203 total_latency=15012223
RAM resp id:147000 m_cycle=651965 req_time=0 resp_time=0 total_latency=15115373
RAM resp id:148000 m_cycle=655476 req_time=0 resp_time=0 total_latency=15217723
RAM resp id:149000 m_cycle=659474 req_time=0 resp_time=0 total_latency=15318672
RAM resp id:150000 m_cycle=663335 req_time=0 resp_time=0 total_latency=15420420
RAM resp id:151000 m_cycle=667550 req_time=0 resp_time=0 total_latency=15524589
RAM resp id:152000 m_cycle=670986 req_time=670783 resp_time=203 total_latency=15626720
RAM resp id:153000 m_cycle=674974 req_time=0 resp_time=0 total_latency=15727850
RAM resp id:154000 m_cycle=678844 req_time=0 resp_time=0 total_latency=15830190
RAM resp id:155000 m_cycle=683073 req_time=0 resp_time=0 total_latency=15932730
RAM resp id:156000 m_cycle=686535 req_time=686332 resp_time=203 total_latency=16035072
RAM resp id:157000 m_cycle=690544 req_time=0 resp_time=0 total_latency=16136605
RAM resp id:158000 m_cycle=694615 req_time=694411 resp_time=204 total_latency=16239962
RAM resp id:159000 m_cycle=698725 req_time=0 resp_time=0 total_latency=16343526
[Cycle: 700000]: mem_requests: 159429, mem_responses: 159369, avg_latency: 102
RAM resp id:160000 m_cycle=702173 req_time=0 resp_time=0 total_latency=16445487
RAM resp id:161000 m_cycle=706255 req_time=706052 resp_time=203 total_latency=16547420
RAM resp id:162000 m_cycle=710391 req_time=0 resp_time=0 total_latency=16650167
RAM resp id:163000 m_cycle=714452 req_time=714249 resp_time=203 total_latency=16753311
RAM resp id:164000 m_cycle=717922 req_time=0 resp_time=0 total_latency=16854859
RAM resp id:165000 m_cycle=722000 req_time=721797 resp_time=203 total_latency=16955985
RAM resp id:166000 m_cycle=726256 req_time=726053 resp_time=203 total_latency=17058325
RAM resp id:167000 m_cycle=730168 req_time=0 resp_time=0 total_latency=17161281
RAM resp id:168000 m_cycle=733575 req_time=0 resp_time=0 total_latency=17263014
RAM resp id:169000 m_cycle=737627 req_time=737424 resp_time=203 total_latency=17363727
RAM resp id:170000 m_cycle=741843 req_time=0 resp_time=0 total_latency=17466466
RAM resp id:171000 m_cycle=745706 req_time=745503 resp_time=203 total_latency=17569422
RAM resp id:172000 m_cycle=749145 req_time=0 resp_time=0 total_latency=17671150
RAM resp id:173000 m_cycle=753123 req_time=0 resp_time=0 total_latency=17771857
RAM resp id:174000 m_cycle=757355 req_time=757152 resp_time=203 total_latency=17874824
RAM resp id:175000 m_cycle=761247 req_time=0 resp_time=0 total_latency=17977581
RAM resp id:176000 m_cycle=764669 req_time=764466 resp_time=203 total_latency=18079320
RAM resp id:177000 m_cycle=768611 req_time=768408 resp_time=203 total_latency=18180849
RAM resp id:178000 m_cycle=772888 req_time=0 resp_time=0 total_latency=18283003
RAM resp id:179000 m_cycle=776758 req_time=776555 resp_time=203 total_latency=18385967
RAM resp id:180000 m_cycle=780182 req_time=0 resp_time=0 total_latency=18487693
RAM resp id:181000 m_cycle=784055 req_time=0 resp_time=0 total_latency=18588008
RAM resp id:182000 m_cycle=788316 req_time=0 resp_time=0 total_latency=18690336
RAM resp id:183000 m_cycle=792253 req_time=792050 resp_time=203 total_latency=18793692
RAM resp id:184000 m_cycle=795698 req_time=0 resp_time=0 total_latency=18895636
RAM resp id:185000 m_cycle=799531 req_time=799328 resp_time=203 total_latency=18997173
[Cycle: 800000]: mem_requests: 185144, mem_responses: 185108, avg_latency: 102
RAM resp id:186000 m_cycle=803911 req_time=803707 resp_time=204 total_latency=19099306
RAM resp id:187000 m_cycle=807872 req_time=0 resp_time=0 total_latency=19203061
RAM resp id:188000 m_cycle=811357 req_time=0 resp_time=0 total_latency=19305007
RAM resp id:189000 m_cycle=815172 req_time=0 resp_time=0 total_latency=19406538
RAM resp id:190000 m_cycle=819537 req_time=819334 resp_time=203 total_latency=19510091
RAM resp id:191000 m_cycle=823644 req_time=823441 resp_time=203 total_latency=19614269
RAM resp id:192000 m_cycle=827178 req_time=826975 resp_time=203 total_latency=19716403
RAM resp id:193000 m_cycle=830943 req_time=830740 resp_time=203 total_latency=19817537
RAM resp id:194000 m_cycle=835403 req_time=835200 resp_time=203 total_latency=19921306
RAM resp id:195000 m_cycle=839445 req_time=839242 resp_time=203 total_latency=20025076
RAM resp id:196000 m_cycle=842998 req_time=842795 resp_time=203 total_latency=20127412
RAM resp id:197000 m_cycle=846690 req_time=846487 resp_time=203 total_latency=20228531
RAM resp id:198000 m_cycle=850992 req_time=0 resp_time=0 total_latency=20331272
RAM resp id:199000 m_cycle=855120 req_time=0 resp_time=0 total_latency=20434423
RAM resp id:200000 m_cycle=858671 req_time=858468 resp_time=203 total_latency=20535752
RAM resp id:201000 m_cycle=862259 req_time=862056 resp_time=203 total_latency=20636477
RAM resp id:202000 m_cycle=866605 req_time=866402 resp_time=203 total_latency=20740033
RAM resp id:203000 m_cycle=870707 req_time=870504 resp_time=203 total_latency=20843402
RAM resp id:204000 m_cycle=874287 req_time=874082 resp_time=205 total_latency=20944522
RAM resp id:205000 m_cycle=877778 req_time=0 resp_time=0 total_latency=21045845
RAM resp id:206000 m_cycle=882196 req_time=0 resp_time=0 total_latency=21148393
RAM resp id:207000 m_cycle=886306 req_time=886103 resp_time=203 total_latency=21251550
RAM resp id:208000 m_cycle=889841 req_time=889638 resp_time=203 total_latency=21353482
RAM resp id:209000 m_cycle=893318 req_time=0 resp_time=0 total_latency=21454591
RAM resp id:210000 m_cycle=897739 req_time=0 resp_time=0 total_latency=21556942
[Cycle: 900000]: mem_requests: 210587, mem_responses: 210544, avg_latency: 102
RAM resp id:211000 m_cycle=901791 req_time=0 resp_time=0 total_latency=21659886
RAM resp id:212000 m_cycle=905328 req_time=905125 resp_time=203 total_latency=21761213
RAM resp id:213000 m_cycle=908798 req_time=908595 resp_time=203 total_latency=21862741
RAM resp id:214000 m_cycle=913137 req_time=0 resp_time=0 total_latency=21964476
RAM resp id:215000 m_cycle=917303 req_time=917100 resp_time=203 total_latency=22067427
RAM resp id:216000 m_cycle=920830 req_time=0 resp_time=0 total_latency=22169158
RAM resp id:217000 m_cycle=924292 req_time=924089 resp_time=203 total_latency=22270692
RAM resp id:218000 m_cycle=928684 req_time=0 resp_time=0 total_latency=22372213
RAM resp id:219000 m_cycle=932806 req_time=0 resp_time=0 total_latency=22476191
RAM resp id:220000 m_cycle=936403 req_time=0 resp_time=0 total_latency=22578139
RAM resp id:221000 m_cycle=939899 req_time=0 resp_time=0 total_latency=22679471
RAM resp id:222000 m_cycle=944252 req_time=944049 resp_time=203 total_latency=22782221
RAM resp id:223000 m_cycle=948377 req_time=948174 resp_time=203 total_latency=22885585
RAM resp id:224000 m_cycle=952002 req_time=0 resp_time=0 total_latency=22988130
RAM resp id:225000 m_cycle=955463 req_time=0 resp_time=0 total_latency=23089862
RAM resp id:226000 m_cycle=959791 req_time=959588 resp_time=203 total_latency=23193007
RAM resp id:227000 m_cycle=964077 req_time=0 resp_time=0 total_latency=23296561
RAM resp id:228000 m_cycle=967640 req_time=967437 resp_time=203 total_latency=23399711
RAM resp id:229000 m_cycle=971078 req_time=0 resp_time=0 total_latency=23501049
RAM resp id:230000 m_cycle=975547 req_time=0 resp_time=0 total_latency=23602369
RAM resp id:231000 m_cycle=979813 req_time=979609 resp_time=204 total_latency=23705716
RAM resp id:232000 m_cycle=983350 req_time=983147 resp_time=203 total_latency=23807867
RAM resp id:233000 m_cycle=986852 req_time=0 resp_time=0 total_latency=23908779
RAM resp id:234000 m_cycle=991177 req_time=990974 resp_time=203 total_latency=24011316
RAM resp id:235000 m_cycle=995400 req_time=995197 resp_time=203 total_latency=24114074
RAM resp id:236000 m_cycle=998990 req_time=998787 resp_time=203 total_latency=24216217
[Cycle: 1000000]: mem_requests: 236350, mem_responses: 236290, avg_latency: 102
RAM resp id:237000 m_cycle=1002481 req_time=1002278 resp_time=203 total_latency=24317546
RAM resp id:238000 m_cycle=1006804 req_time=1006601 resp_time=203 total_latency=24419693
RAM resp id:239000 m_cycle=1011142 req_time=0 resp_time=0 total_latency=24522040
RAM resp id:240000 m_cycle=1014723 req_time=0 resp_time=0 total_latency=24624793
RAM resp id:241000 m_cycle=1018229 req_time=1018026 resp_time=203 total_latency=24726128
RAM resp id:242000 m_cycle=1022561 req_time=0 resp_time=0 total_latency=24828070
RAM resp id:243000 m_cycle=1026861 req_time=0 resp_time=0 total_latency=24931618
RAM resp id:244000 m_cycle=1030452 req_time=0 resp_time=0 total_latency=25033571
RAM resp id:245000 m_cycle=1033923 req_time=1033720 resp_time=203 total_latency=25134899
RAM resp id:246000 m_cycle=1038277 req_time=1038074 resp_time=203 total_latency=25237246
RAM resp id:247000 m_cycle=1042534 req_time=0 resp_time=0 total_latency=25340396
RAM resp id:248000 m_cycle=1046158 req_time=0 resp_time=0 total_latency=25442560
RAM resp id:249000 m_cycle=1049655 req_time=1049452 resp_time=203 total_latency=25543891
RAM resp id:250000 m_cycle=1055351 req_time=0 resp_time=0 total_latency=25645410
RAM resp id:251000 m_cycle=1060831 req_time=0 resp_time=0 total_latency=25747119
core 5 retired
core 3 retired
core 6 retired
core 4 retired
core 0 retired
core 7 retired
core 1 retired
core 2 retired
========== kernel 1 summary ==========
Core: 0
	CORE0_TOT_CYCLES   : 1066098
	CORE0_STALL_CYCLES : 461509
	CORE0_LD_INSTR     : 127
	CORE0_ST_INSTR     : 15640
	CORE0_TENSOR_INSTR : 7534
	CORE0_TOT_INSTR    : 1066098
Core: 1
	CORE1_TOT_CYCLES   : 1069274
	CORE1_STALL_CYCLES : 460550
	CORE1_LD_INSTR     : 173
	CORE1_ST_INSTR     : 15695
	CORE1_TENSOR_INSTR : 7575
	CORE1_TOT_INSTR    : 1069274
Core: 2
	CORE2_TOT_CYCLES   : 1069424
	CORE2_STALL_CYCLES : 460890
	CORE2_LD_INSTR     : 165
	CORE2_ST_INSTR     : 15630
	CORE2_TENSOR_INSTR : 7566
	CORE2_TOT_INSTR    : 1069424
Core: 3
	CORE3_TOT_CYCLES   : 1062708
	CORE3_STALL_CYCLES : 462772
	CORE3_LD_INSTR     : 262
	CORE3_ST_INSTR     : 15386
	CORE3_TENSOR_INSTR : 7430
	CORE3_TOT_INSTR    : 1062708
Core: 4
	CORE4_TOT_CYCLES   : 1066091
	CORE4_STALL_CYCLES : 461704
	CORE4_LD_INSTR     : 189
	CORE4_ST_INSTR     : 15510
	CORE4_TENSOR_INSTR : 7525
	CORE4_TOT_INSTR    : 1066091
Core: 5
	CORE5_TOT_CYCLES   : 1062618
	CORE5_STALL_CYCLES : 462681
	CORE5_LD_INSTR     : 309
	CORE5_ST_INSTR     : 15294
	CORE5_TENSOR_INSTR : 7439
	CORE5_TOT_INSTR    : 1062618
Core: 6
	CORE6_TOT_CYCLES   : 1066061
	CORE6_STALL_CYCLES : 461763
	CORE6_LD_INSTR     : 164
	CORE6_ST_INSTR     : 15519
	CORE6_TENSOR_INSTR : 7516
	CORE6_TOT_INSTR    : 1066061
Core: 7
	CORE7_TOT_CYCLES   : 1066183
	CORE7_STALL_CYCLES : 461716
	CORE7_LD_INSTR     : 164
	CORE7_ST_INSTR     : 15507
	CORE7_TENSOR_INSTR : 7543
	CORE7_TOT_INSTR    : 1066183
========== starting kernel 2 ==========
RAM resp id:252000 m_cycle=1071757 req_time=1071553 resp_time=204 total_latency=25863380
RAM resp id:253000 m_cycle=1088233 req_time=1088030 resp_time=203 total_latency=26041966
[Cycle: 1100000]: mem_requests: 253823, mem_responses: 253795, avg_latency: 103
RAM resp id:254000 m_cycle=1102961 req_time=1102756 resp_time=205 total_latency=26204772
RAM resp id:255000 m_cycle=1117683 req_time=1117480 resp_time=203 total_latency=26367591
RAM resp id:256000 m_cycle=1132411 req_time=1132206 resp_time=205 total_latency=26530487
RAM resp id:257000 m_cycle=1147124 req_time=1146921 resp_time=203 total_latency=26692421
RAM resp id:258000 m_cycle=1161856 req_time=1161653 resp_time=203 total_latency=26855331
RAM resp id:259000 m_cycle=1176575 req_time=1176372 resp_time=203 total_latency=27018474
RAM resp id:260000 m_cycle=1191307 req_time=1191104 resp_time=203 total_latency=27181402
[Cycle: 1200000]: mem_requests: 260617, mem_responses: 260596, avg_latency: 104
RAM resp id:261000 m_cycle=1206024 req_time=1205821 resp_time=203 total_latency=27344210
RAM resp id:262000 m_cycle=1220756 req_time=1220553 resp_time=203 total_latency=27507180
RAM resp id:263000 m_cycle=1235474 req_time=1235271 resp_time=203 total_latency=27670185
RAM resp id:264000 m_cycle=1250238 req_time=1250035 resp_time=203 total_latency=27833161
RAM resp id:265000 m_cycle=1264994 req_time=1264791 resp_time=203 total_latency=27995514
RAM resp id:266000 m_cycle=1279751 req_time=1279548 resp_time=203 total_latency=28158465
RAM resp id:267000 m_cycle=1294519 req_time=1294316 resp_time=203 total_latency=28321434
[Cycle: 1300000]: mem_requests: 267395, mem_responses: 267388, avg_latency: 106
RAM resp id:268000 m_cycle=1309276 req_time=1309073 resp_time=203 total_latency=28484331
RAM resp id:269000 m_cycle=1324043 req_time=1323840 resp_time=203 total_latency=28646953
RAM resp id:270000 m_cycle=1338800 req_time=1338597 resp_time=203 total_latency=28809773
RAM resp id:271000 m_cycle=1353568 req_time=1353365 resp_time=203 total_latency=28972598
RAM resp id:272000 m_cycle=1368325 req_time=1368122 resp_time=203 total_latency=29135418
core 0 retired
core 1 retired
core 3 retired
core 4 retired
core 5 retired
core 2 retired
core 6 retired
core 7 retired
========== kernel 2 summary ==========
Core: 0
	CORE0_TOT_CYCLES   : 1371511
	CORE0_STALL_CYCLES : 562887
	CORE0_LD_INSTR     : 2052
	CORE0_ST_INSTR     : 0
	CORE0_TENSOR_INSTR : 8192
	CORE0_TOT_INSTR    : 1371511
Core: 1
	CORE1_TOT_CYCLES   : 1371513
	CORE1_STALL_CYCLES : 561930
	CORE1_LD_INSTR     : 2052
	CORE1_ST_INSTR     : 0
	CORE1_TENSOR_INSTR : 8192
	CORE1_TOT_INSTR    : 1371513
Core: 2
	CORE2_TOT_CYCLES   : 1371655
	CORE2_STALL_CYCLES : 562408
	CORE2_LD_INSTR     : 2052
	CORE2_ST_INSTR     : 4
	CORE2_TENSOR_INSTR : 8192
	CORE2_TOT_INSTR    : 1371655
Core: 3
	CORE3_TOT_CYCLES   : 1371519
	CORE3_STALL_CYCLES : 564158
	CORE3_LD_INSTR     : 2052
	CORE3_ST_INSTR     : 0
	CORE3_TENSOR_INSTR : 8192
	CORE3_TOT_INSTR    : 1371519
Core: 4
	CORE4_TOT_CYCLES   : 1371521
	CORE4_STALL_CYCLES : 563092
	CORE4_LD_INSTR     : 2052
	CORE4_ST_INSTR     : 0
	CORE4_TENSOR_INSTR : 8192
	CORE4_TOT_INSTR    : 1371521
Core: 5
	CORE5_TOT_CYCLES   : 1371651
	CORE5_STALL_CYCLES : 564199
	CORE5_LD_INSTR     : 2052
	CORE5_ST_INSTR     : 0
	CORE5_TENSOR_INSTR : 8192
	CORE5_TOT_INSTR    : 1371651
Core: 6
	CORE6_TOT_CYCLES   : 1372046
	CORE6_STALL_CYCLES : 563676
	CORE6_LD_INSTR     : 2052
	CORE6_ST_INSTR     : 0
	CORE6_TENSOR_INSTR : 8192
	CORE6_TOT_INSTR    : 1372046
Core: 7
	CORE7_TOT_CYCLES   : 1372094
	CORE7_STALL_CYCLES : 563677
	CORE7_LD_INSTR     : 2052
	CORE7_ST_INSTR     : 0
	CORE7_TENSOR_INSTR : 8192
	CORE7_TOT_INSTR    : 1372094
========== starting kernel 3 ==========
RAM resp id:273000 m_cycle=1377645 req_time=1377442 resp_time=203 total_latency=29316048
RAM resp id:274000 m_cycle=1382902 req_time=1382699 resp_time=203 total_latency=29450926
RAM resp id:275000 m_cycle=1388155 req_time=0 resp_time=0 total_latency=29586613
RAM resp id:276000 m_cycle=1393317 req_time=1393114 resp_time=203 total_latency=29722290
RAM resp id:277000 m_cycle=1398414 req_time=1398211 resp_time=203 total_latency=29857373
[Cycle: 1400000]: mem_requests: 277343, mem_responses: 277312, avg_latency: 107
RAM resp id:278000 m_cycle=1403590 req_time=1403387 resp_time=203 total_latency=29993042
RAM resp id:279000 m_cycle=1408863 req_time=1408660 resp_time=203 total_latency=30128333
RAM resp id:280000 m_cycle=1414132 req_time=1413929 resp_time=203 total_latency=30263785
RAM resp id:281000 m_cycle=1419308 req_time=0 resp_time=0 total_latency=30399286
RAM resp id:282000 m_cycle=1424577 req_time=0 resp_time=0 total_latency=30534380
RAM resp id:283000 m_cycle=1429758 req_time=1429555 resp_time=203 total_latency=30670293
RAM resp id:284000 m_cycle=1434968 req_time=0 resp_time=0 total_latency=30805966
RAM resp id:285000 m_cycle=1440167 req_time=1439964 resp_time=203 total_latency=30940627
RAM resp id:286000 m_cycle=1445452 req_time=1445249 resp_time=203 total_latency=31076778
RAM resp id:287000 m_cycle=1450779 req_time=0 resp_time=0 total_latency=31212030
RAM resp id:288000 m_cycle=1456009 req_time=0 resp_time=0 total_latency=31347302
RAM resp id:289000 m_cycle=1461286 req_time=0 resp_time=0 total_latency=31483405
RAM resp id:290000 m_cycle=1466423 req_time=1466220 resp_time=203 total_latency=31619253
RAM resp id:291000 m_cycle=1471606 req_time=0 resp_time=0 total_latency=31754318
RAM resp id:292000 m_cycle=1476950 req_time=0 resp_time=0 total_latency=31889590
RAM resp id:293000 m_cycle=1482296 req_time=0 resp_time=0 total_latency=32025072
RAM resp id:294000 m_cycle=1487616 req_time=0 resp_time=0 total_latency=32159951
RAM resp id:295000 m_cycle=1492779 req_time=1492576 resp_time=203 total_latency=32295621
RAM resp id:296000 m_cycle=1498028 req_time=1497825 resp_time=203 total_latency=32431705
core 0 retired
core 4 retired
core 5 retired
core 6 retired
core 7 retired
core 1 retired
core 3 retired
core 2 retired
========== kernel 3 summary ==========
Core: 0
	CORE0_TOT_CYCLES   : 1499317
	CORE0_STALL_CYCLES : 643947
	CORE0_LD_INSTR     : 997
	CORE0_ST_INSTR     : 989
	CORE0_TENSOR_INSTR : 4016
	CORE0_TOT_INSTR    : 1499317
Core: 1
	CORE1_TOT_CYCLES   : 1499771
	CORE1_STALL_CYCLES : 641795
	CORE1_LD_INSTR     : 1024
	CORE1_ST_INSTR     : 1027
	CORE1_TENSOR_INSTR : 4160
	CORE1_TOT_INSTR    : 1499771
Core: 2
	CORE2_TOT_CYCLES   : 1499877
	CORE2_STALL_CYCLES : 642728
	CORE2_LD_INSTR     : 1030
	CORE2_ST_INSTR     : 1024
	CORE2_TENSOR_INSTR : 4128
	CORE2_TOT_INSTR    : 1499877
Core: 3
	CORE3_TOT_CYCLES   : 1499833
	CORE3_STALL_CYCLES : 644622
	CORE3_LD_INSTR     : 1024
	CORE3_ST_INSTR     : 1018
	CORE3_TENSOR_INSTR : 4112
	CORE3_TOT_INSTR    : 1499833
Core: 4
	CORE4_TOT_CYCLES   : 1499423
	CORE4_STALL_CYCLES : 643518
	CORE4_LD_INSTR     : 1013
	CORE4_ST_INSTR     : 1009
	CORE4_TENSOR_INSTR : 4080
	CORE4_TOT_INSTR    : 1499423
Core: 5
	CORE5_TOT_CYCLES   : 1499465
	CORE5_STALL_CYCLES : 644283
	CORE5_LD_INSTR     : 1027
	CORE5_ST_INSTR     : 1027
	CORE5_TENSOR_INSTR : 4112
	CORE5_TOT_INSTR    : 1499465
Core: 6
	CORE6_TOT_CYCLES   : 1499524
	CORE6_STALL_CYCLES : 644392
	CORE6_LD_INSTR     : 1002
	CORE6_ST_INSTR     : 1007
	CORE6_TENSOR_INSTR : 4064
	CORE6_TOT_INSTR    : 1499524
Core: 7
	CORE7_TOT_CYCLES   : 1499618
	CORE7_STALL_CYCLES : 644128
	CORE7_LD_INSTR     : 1007
	CORE7_ST_INSTR     : 1009
	CORE7_TENSOR_INSTR : 4096
	CORE7_TOT_INSTR    : 1499618
========== starting kernel 4 ==========
[Cycle: 1500000]: mem_requests: 296332, mem_responses: 296328, avg_latency: 109
RAM resp id:297000 m_cycle=1512241 req_time=1512038 resp_time=203 total_latency=32600597
RAM resp id:298000 m_cycle=1523899 req_time=1523696 resp_time=203 total_latency=32725667
RAM resp id:299000 m_cycle=1535321 req_time=1535118 resp_time=203 total_latency=32849538
RAM resp id:300000 m_cycle=1546886 req_time=0 resp_time=0 total_latency=32974666
RAM resp id:301000 m_cycle=1558149 req_time=1557946 resp_time=203 total_latency=33096708
RAM resp id:302000 m_cycle=1569555 req_time=0 resp_time=0 total_latency=33222800
RAM resp id:303000 m_cycle=1581255 req_time=1581052 resp_time=203 total_latency=33349701
RAM resp id:304000 m_cycle=1592456 req_time=0 resp_time=0 total_latency=33470304
[Cycle: 1600000]: mem_requests: 304692, mem_responses: 304680, avg_latency: 110
RAM resp id:305000 m_cycle=1603791 req_time=0 resp_time=0 total_latency=33594154
RAM resp id:306000 m_cycle=1615237 req_time=1615034 resp_time=203 total_latency=33718415
RAM resp id:307000 m_cycle=1626391 req_time=1626188 resp_time=203 total_latency=33840463
RAM resp id:308000 m_cycle=1637923 req_time=1637720 resp_time=203 total_latency=33965333
RAM resp id:309000 m_cycle=1649363 req_time=0 resp_time=0 total_latency=34088977
RAM resp id:310000 m_cycle=1660198 req_time=1659994 resp_time=204 total_latency=34209183
RAM resp id:311000 m_cycle=1671874 req_time=1671671 resp_time=203 total_latency=34336101
RAM resp id:312000 m_cycle=1683048 req_time=0 resp_time=0 total_latency=34458549
RAM resp id:313000 m_cycle=1694148 req_time=1693945 resp_time=203 total_latency=34582016
[Cycle: 1700000]: mem_requests: 313520, mem_responses: 313502, avg_latency: 110
RAM resp id:314000 m_cycle=1705632 req_time=0 resp_time=0 total_latency=34704662
RAM resp id:315000 m_cycle=1716825 req_time=1716622 resp_time=203 total_latency=34829130
RAM resp id:316000 m_cycle=1728167 req_time=1727964 resp_time=203 total_latency=34950758
RAM resp id:317000 m_cycle=1739230 req_time=1739027 resp_time=203 total_latency=35074008
RAM resp id:318000 m_cycle=1750654 req_time=0 resp_time=0 total_latency=35198472
RAM resp id:319000 m_cycle=1761951 req_time=1761748 resp_time=203 total_latency=35322731
RAM resp id:320000 m_cycle=1772964 req_time=0 resp_time=0 total_latency=35441730
RAM resp id:321000 m_cycle=1784598 req_time=1784395 resp_time=203 total_latency=35569025
RAM resp id:322000 m_cycle=1795978 req_time=0 resp_time=0 total_latency=35691051
[Cycle: 1800000]: mem_requests: 322395, mem_responses: 322379, avg_latency: 110
RAM resp id:323000 m_cycle=1807107 req_time=0 resp_time=0 total_latency=35815334
RAM resp id:324000 m_cycle=1818580 req_time=1818377 resp_time=203 total_latency=35940001
core 4 retired
core 3 retired
core 2 retired
core 6 retired
core 5 retired
core 1 retired
core 7 retired
core 0 retired
========== kernel 4 summary ==========
Core: 0
	CORE0_TOT_CYCLES   : 1828188
	CORE0_STALL_CYCLES : 690111
	CORE0_LD_INSTR     : 783
	CORE0_ST_INSTR     : 1427
	CORE0_TENSOR_INSTR : 8320
	CORE0_TOT_INSTR    : 1828188
Core: 1
	CORE1_TOT_CYCLES   : 1826593
	CORE1_STALL_CYCLES : 688622
	CORE1_LD_INSTR     : 768
	CORE1_ST_INSTR     : 1422
	CORE1_TENSOR_INSTR : 8256
	CORE1_TOT_INSTR    : 1826593
Core: 2
	CORE2_TOT_CYCLES   : 1826060
	CORE2_STALL_CYCLES : 688924
	CORE2_LD_INSTR     : 787
	CORE2_ST_INSTR     : 1411
	CORE2_TENSOR_INSTR : 8256
	CORE2_TOT_INSTR    : 1826060
Core: 3
	CORE3_TOT_CYCLES   : 1825977
	CORE3_STALL_CYCLES : 705806
	CORE3_LD_INSTR     : 792
	CORE3_ST_INSTR     : 1354
	CORE3_TENSOR_INSTR : 7808
	CORE3_TOT_INSTR    : 1825977
Core: 4
	CORE4_TOT_CYCLES   : 1825694
	CORE4_STALL_CYCLES : 689432
	CORE4_LD_INSTR     : 789
	CORE4_ST_INSTR     : 1410
	CORE4_TENSOR_INSTR : 8256
	CORE4_TOT_INSTR    : 1825694
Core: 5
	CORE5_TOT_CYCLES   : 1826419
	CORE5_STALL_CYCLES : 690944
	CORE5_LD_INSTR     : 769
	CORE5_ST_INSTR     : 1418
	CORE5_TENSOR_INSTR : 8256
	CORE5_TOT_INSTR    : 1826419
Core: 6
	CORE6_TOT_CYCLES   : 1826077
	CORE6_STALL_CYCLES : 690610
	CORE6_LD_INSTR     : 787
	CORE6_ST_INSTR     : 1411
	CORE6_TENSOR_INSTR : 8256
	CORE6_TOT_INSTR    : 1826077
Core: 7
	CORE7_TOT_CYCLES   : 1827986
	CORE7_STALL_CYCLES : 696577
	CORE7_LD_INSTR     : 788
	CORE7_ST_INSTR     : 1399
	CORE7_TENSOR_INSTR : 8128
	CORE7_TOT_INSTR    : 1827986
========== starting kernel 5 ==========
RAM resp id:325000 m_cycle=1830399 req_time=1830196 resp_time=203 total_latency=36077386
RAM resp id:326000 m_cycle=1838190 req_time=1837987 resp_time=203 total_latency=36254224
RAM resp id:327000 m_cycle=1844314 req_time=0 resp_time=0 total_latency=36398669
RAM resp id:328000 m_cycle=1850891 req_time=0 resp_time=0 total_latency=36551614
RAM resp id:329000 m_cycle=1857214 req_time=0 resp_time=0 total_latency=36697472
RAM resp id:330000 m_cycle=1863660 req_time=0 resp_time=0 total_latency=36848168
RAM resp id:331000 m_cycle=1870015 req_time=1869812 resp_time=203 total_latency=36993200
RAM resp id:332000 m_cycle=1876326 req_time=1876123 resp_time=203 total_latency=37143370
RAM resp id:333000 m_cycle=1882676 req_time=1882473 resp_time=203 total_latency=37293871
RAM resp id:334000 m_cycle=1889040 req_time=1888837 resp_time=203 total_latency=37443758
RAM resp id:335000 m_cycle=1895171 req_time=1894968 resp_time=203 total_latency=37594044
[Cycle: 1900000]: mem_requests: 335795, mem_responses: 335780, avg_latency: 112
RAM resp id:336000 m_cycle=1901504 req_time=0 resp_time=0 total_latency=37741738
RAM resp id:337000 m_cycle=1907797 req_time=1907593 resp_time=204 total_latency=37888596
RAM resp id:338000 m_cycle=1914065 req_time=1913862 resp_time=203 total_latency=38034436
RAM resp id:339000 m_cycle=1920676 req_time=1920473 resp_time=203 total_latency=38187387
core 1 retired
core 6 retired
core 3 retired
core 0 retired
core 2 retired
core 5 retired
core 7 retired
core 4 retired
========== kernel 5 summary ==========
Core: 0
	CORE0_TOT_CYCLES   : 1923213
	CORE0_STALL_CYCLES : 738450
	CORE0_LD_INSTR     : 881
	CORE0_ST_INSTR     : 524
	CORE0_TENSOR_INSTR : 1024
	CORE0_TOT_INSTR    : 1923213
Core: 1
	CORE1_TOT_CYCLES   : 1923164
	CORE1_STALL_CYCLES : 735784
	CORE1_LD_INSTR     : 844
	CORE1_ST_INSTR     : 505
	CORE1_TENSOR_INSTR : 1024
	CORE1_TOT_INSTR    : 1923164
Core: 2
	CORE2_TOT_CYCLES   : 1923256
	CORE2_STALL_CYCLES : 736786
	CORE2_LD_INSTR     : 837
	CORE2_ST_INSTR     : 496
	CORE2_TENSOR_INSTR : 1024
	CORE2_TOT_INSTR    : 1923256
Core: 3
	CORE3_TOT_CYCLES   : 1923175
	CORE3_STALL_CYCLES : 754161
	CORE3_LD_INSTR     : 848
	CORE3_ST_INSTR     : 503
	CORE3_TENSOR_INSTR : 1024
	CORE3_TOT_INSTR    : 1923175
Core: 4
	CORE4_TOT_CYCLES   : 1923414
	CORE4_STALL_CYCLES : 738000
	CORE4_LD_INSTR     : 864
	CORE4_ST_INSTR     : 513
	CORE4_TENSOR_INSTR : 1024
	CORE4_TOT_INSTR    : 1923414
Core: 5
	CORE5_TOT_CYCLES   : 1923267
	CORE5_STALL_CYCLES : 738817
	CORE5_LD_INSTR     : 849
	CORE5_ST_INSTR     : 484
	CORE5_TENSOR_INSTR : 1024
	CORE5_TOT_INSTR    : 1923267
Core: 6
	CORE6_TOT_CYCLES   : 1923168
	CORE6_STALL_CYCLES : 738924
	CORE6_LD_INSTR     : 881
	CORE6_ST_INSTR     : 504
	CORE6_TENSOR_INSTR : 1024
	CORE6_TOT_INSTR    : 1923168
Core: 7
	CORE7_TOT_CYCLES   : 1923284
	CORE7_STALL_CYCLES : 745007
	CORE7_LD_INSTR     : 881
	CORE7_ST_INSTR     : 504
	CORE7_TENSOR_INSTR : 1024
	CORE7_TOT_INSTR    : 1923284
========== starting kernel 6 ==========
core 6 retired
core 1 retired
core 5 retired
core 7 retired
core 4 retired
core 0 retired
core 2 retired
core 3 retired
========== kernel 6 summary ==========
Core: 0
	CORE0_TOT_CYCLES   : 1935832
	CORE0_STALL_CYCLES : 741094
	CORE0_LD_INSTR     : 37
	CORE0_ST_INSTR     : 32
	CORE0_TENSOR_INSTR : 72
	CORE0_TOT_INSTR    : 1935832
Core: 1
	CORE1_TOT_CYCLES   : 1934767
	CORE1_STALL_CYCLES : 737376
	CORE1_LD_INSTR     : 34
	CORE1_ST_INSTR     : 22
	CORE1_TENSOR_INSTR : 72
	CORE1_TOT_INSTR    : 1934767
Core: 2
	CORE2_TOT_CYCLES   : 1935910
	CORE2_STALL_CYCLES : 739519
	CORE2_LD_INSTR     : 29
	CORE2_ST_INSTR     : 29
	CORE2_TENSOR_INSTR : 72
	CORE2_TOT_INSTR    : 1935910
Core: 3
	CORE3_TOT_CYCLES   : 1935912
	CORE3_STALL_CYCLES : 756896
	CORE3_LD_INSTR     : 29
	CORE3_ST_INSTR     : 29
	CORE3_TENSOR_INSTR : 72
	CORE3_TOT_INSTR    : 1935912
Core: 4
	CORE4_TOT_CYCLES   : 1935746
	CORE4_STALL_CYCLES : 740563
	CORE4_LD_INSTR     : 36
	CORE4_ST_INSTR     : 28
	CORE4_TENSOR_INSTR : 72
	CORE4_TOT_INSTR    : 1935746
Core: 5
	CORE5_TOT_CYCLES   : 1935057
	CORE5_STALL_CYCLES : 740689
	CORE5_LD_INSTR     : 41
	CORE5_ST_INSTR     : 25
	CORE5_TENSOR_INSTR : 72
	CORE5_TOT_INSTR    : 1935057
Core: 6
	CORE6_TOT_CYCLES   : 1934534
	CORE6_STALL_CYCLES : 740277
	CORE6_LD_INSTR     : 26
	CORE6_ST_INSTR     : 36
	CORE6_TENSOR_INSTR : 72
	CORE6_TOT_INSTR    : 1934534
Core: 7
	CORE7_TOT_CYCLES   : 1935463
	CORE7_STALL_CYCLES : 747275
	CORE7_LD_INSTR     : 46
	CORE7_ST_INSTR     : 30
	CORE7_TENSOR_INSTR : 72
	CORE7_TOT_INSTR    : 1935463
========== starting kernel 7 ==========
core 5 retired
core 6 retired
core 7 retired
core 4 retired
core 0 retired
RAM resp id:340000 m_cycle=1937072 req_time=1936866 resp_time=206 total_latency=38361436
core 1 retired
core 2 retired
core 3 retired
========== kernel 7 summary ==========
Core: 0
	CORE0_TOT_CYCLES   : 1937061
	CORE0_STALL_CYCLES : 741494
	CORE0_LD_INSTR     : 0
	CORE0_ST_INSTR     : 8
	CORE0_TENSOR_INSTR : 0
	CORE0_TOT_INSTR    : 1937061
Core: 1
	CORE1_TOT_CYCLES   : 1937209
	CORE1_STALL_CYCLES : 737916
	CORE1_LD_INSTR     : 0
	CORE1_ST_INSTR     : 12
	CORE1_TENSOR_INSTR : 0
	CORE1_TOT_INSTR    : 1937209
Core: 2
	CORE2_TOT_CYCLES   : 1937211
	CORE2_STALL_CYCLES : 740061
	CORE2_LD_INSTR     : 0
	CORE2_ST_INSTR     : 12
	CORE2_TENSOR_INSTR : 0
	CORE2_TOT_INSTR    : 1937211
Core: 3
	CORE3_TOT_CYCLES   : 1937214
	CORE3_STALL_CYCLES : 757440
	CORE3_LD_INSTR     : 0
	CORE3_ST_INSTR     : 12
	CORE3_TENSOR_INSTR : 0
	CORE3_TOT_INSTR    : 1937214
Core: 4
	CORE4_TOT_CYCLES   : 1936423
	CORE4_STALL_CYCLES : 740933
	CORE4_LD_INSTR     : 0
	CORE4_ST_INSTR     : 2
	CORE4_TENSOR_INSTR : 0
	CORE4_TOT_INSTR    : 1936423
Core: 5
	CORE5_TOT_CYCLES   : 1935913
	CORE5_STALL_CYCLES : 740689
	CORE5_LD_INSTR     : 0
	CORE5_ST_INSTR     : 0
	CORE5_TENSOR_INSTR : 0
	CORE5_TOT_INSTR    : 1935913
Core: 6
	CORE6_TOT_CYCLES   : 1935913
	CORE6_STALL_CYCLES : 740277
	CORE6_LD_INSTR     : 0
	CORE6_ST_INSTR     : 0
	CORE6_TENSOR_INSTR : 0
	CORE6_TOT_INSTR    : 1935913
Core: 7
	CORE7_TOT_CYCLES   : 1935913
	CORE7_STALL_CYCLES : 747275
	CORE7_LD_INSTR     : 0
	CORE7_ST_INSTR     : 0
	CORE7_TENSOR_INSTR : 0
	CORE7_TOT_INSTR    : 1935913
========== starting kernel 8 ==========
RAM resp id:341000 m_cycle=1948949 req_time=1948746 resp_time=203 total_latency=38565099
RAM resp id:342000 m_cycle=1982248 req_time=0 resp_time=0 total_latency=38749464
[Cycle: 2000000]: mem_requests: 342891, mem_responses: 342891, avg_latency: 113
RAM resp id:343000 m_cycle=2024300 req_time=2024097 resp_time=203 total_latency=38895651
RAM resp id:344000 m_cycle=2034536 req_time=0 resp_time=0 total_latency=39023369
RAM resp id:345000 m_cycle=2078351 req_time=0 resp_time=0 total_latency=39156141
[Cycle: 2100000]: mem_requests: 345217, mem_responses: 345217, avg_latency: 113
RAM resp id:346000 m_cycle=2117393 req_time=2117190 resp_time=203 total_latency=39285261
RAM resp id:347000 m_cycle=2156345 req_time=0 resp_time=0 total_latency=39416408
RAM resp id:348000 m_cycle=2195565 req_time=0 resp_time=0 total_latency=39543285
[Cycle: 2200000]: mem_requests: 348264, mem_responses: 348246, avg_latency: 113
RAM resp id:349000 m_cycle=2226228 req_time=0 resp_time=0 total_latency=39668745
RAM resp id:350000 m_cycle=2252620 req_time=0 resp_time=0 total_latency=39795427
RAM resp id:351000 m_cycle=2293662 req_time=2293459 resp_time=203 total_latency=39919868
core 2 retired
core 4 retired
core 6 retired
core 1 retired
core 7 retired
core 3 retired
[Cycle: 2300000]: mem_requests: 351141, mem_responses: 351139, avg_latency: 113
core 5 retired
core 0 retired
========== kernel 8 summary ==========
Core: 0
	CORE0_TOT_CYCLES   : 2302660
	CORE0_STALL_CYCLES : 763367
	CORE0_LD_INSTR     : 576
	CORE0_ST_INSTR     : 444
	CORE0_TENSOR_INSTR : 36992
	CORE0_TOT_INSTR    : 2302660
Core: 1
	CORE1_TOT_CYCLES   : 2296306
	CORE1_STALL_CYCLES : 753573
	CORE1_LD_INSTR     : 450
	CORE1_ST_INSTR     : 432
	CORE1_TENSOR_INSTR : 36992
	CORE1_TOT_INSTR    : 2296306
Core: 2
	CORE2_TOT_CYCLES   : 2294521
	CORE2_STALL_CYCLES : 753841
	CORE2_LD_INSTR     : 519
	CORE2_ST_INSTR     : 455
	CORE2_TENSOR_INSTR : 36992
	CORE2_TOT_INSTR    : 2294521
Core: 3
	CORE3_TOT_CYCLES   : 2296746
	CORE3_STALL_CYCLES : 773417
	CORE3_LD_INSTR     : 547
	CORE3_ST_INSTR     : 455
	CORE3_TENSOR_INSTR : 36992
	CORE3_TOT_INSTR    : 2296746
Core: 4
	CORE4_TOT_CYCLES   : 2295520
	CORE4_STALL_CYCLES : 755731
	CORE4_LD_INSTR     : 474
	CORE4_ST_INSTR     : 481
	CORE4_TENSOR_INSTR : 36992
	CORE4_TOT_INSTR    : 2295520
Core: 5
	CORE5_TOT_CYCLES   : 2300426
	CORE5_STALL_CYCLES : 760279
	CORE5_LD_INSTR     : 582
	CORE5_ST_INSTR     : 487
	CORE5_TENSOR_INSTR : 36992
	CORE5_TOT_INSTR    : 2300426
Core: 6
	CORE6_TOT_CYCLES   : 2296293
	CORE6_STALL_CYCLES : 755894
	CORE6_LD_INSTR     : 439
	CORE6_ST_INSTR     : 470
	CORE6_TENSOR_INSTR : 36992
	CORE6_TOT_INSTR    : 2296293
Core: 7
	CORE7_TOT_CYCLES   : 2296505
	CORE7_STALL_CYCLES : 763060
	CORE7_LD_INSTR     : 484
	CORE7_ST_INSTR     : 469
	CORE7_TENSOR_INSTR : 36992
	CORE7_TOT_INSTR    : 2296505
========== starting kernel 9 ==========
RAM resp id:352000 m_cycle=2308173 req_time=2307970 resp_time=203 total_latency=40071565
RAM resp id:353000 m_cycle=2313596 req_time=2313393 resp_time=203 total_latency=40211516
RAM resp id:354000 m_cycle=2319137 req_time=2318934 resp_time=203 total_latency=40352856
RAM resp id:355000 m_cycle=2324486 req_time=0 resp_time=0 total_latency=40488316
RAM resp id:356000 m_cycle=2330024 req_time=0 resp_time=0 total_latency=40623198
RAM resp id:357000 m_cycle=2335626 req_time=0 resp_time=0 total_latency=40763346
RAM resp id:358000 m_cycle=2340819 req_time=0 resp_time=0 total_latency=40899211
RAM resp id:359000 m_cycle=2346071 req_time=2345868 resp_time=203 total_latency=41035480
RAM resp id:360000 m_cycle=2351636 req_time=0 resp_time=0 total_latency=41174229
RAM resp id:361000 m_cycle=2357219 req_time=2357016 resp_time=203 total_latency=41310507
RAM resp id:362000 m_cycle=2362926 req_time=0 resp_time=0 total_latency=41446980
RAM resp id:363000 m_cycle=2368240 req_time=2368036 resp_time=204 total_latency=41584674
RAM resp id:364000 m_cycle=2373371 req_time=2373168 resp_time=203 total_latency=41718115
RAM resp id:365000 m_cycle=2378732 req_time=2378529 resp_time=203 total_latency=41857628
RAM resp id:366000 m_cycle=2384378 req_time=2384175 resp_time=203 total_latency=41993081
RAM resp id:367000 m_cycle=2390031 req_time=2389827 resp_time=204 total_latency=42129566
RAM resp id:368000 m_cycle=2395222 req_time=0 resp_time=0 total_latency=42264049
[Cycle: 2400000]: mem_requests: 368934, mem_responses: 368886, avg_latency: 114
RAM resp id:369000 m_cycle=2400491 req_time=2400288 resp_time=203 total_latency=42401738
RAM resp id:370000 m_cycle=2405828 req_time=2405625 resp_time=203 total_latency=42537590
RAM resp id:371000 m_cycle=2411396 req_time=2411193 resp_time=203 total_latency=42676691
RAM resp id:372000 m_cycle=2416986 req_time=0 resp_time=0 total_latency=42813563
RAM resp id:373000 m_cycle=2422581 req_time=2422378 resp_time=203 total_latency=42950877
RAM resp id:374000 m_cycle=2427896 req_time=0 resp_time=0 total_latency=43089785
RAM resp id:375000 m_cycle=2433074 req_time=2432871 resp_time=203 total_latency=43225445
RAM resp id:376000 m_cycle=2438541 req_time=2438338 resp_time=203 total_latency=43364736
RAM resp id:377000 m_cycle=2444120 req_time=2443917 resp_time=203 total_latency=43502230
RAM resp id:378000 m_cycle=2449798 req_time=2449594 resp_time=204 total_latency=43640525
RAM resp id:379000 m_cycle=2455234 req_time=2455029 resp_time=205 total_latency=43779659
RAM resp id:380000 m_cycle=2460317 req_time=2460114 resp_time=203 total_latency=43911653
RAM resp id:381000 m_cycle=2465627 req_time=2465424 resp_time=203 total_latency=44047928
RAM resp id:382000 m_cycle=2471145 req_time=2470942 resp_time=203 total_latency=44185423
RAM resp id:383000 m_cycle=2476712 req_time=2476509 resp_time=203 total_latency=44321914
RAM resp id:384000 m_cycle=2482532 req_time=2482329 resp_time=203 total_latency=44464695
RAM resp id:385000 m_cycle=2487456 req_time=2487253 resp_time=203 total_latency=44593451
RAM resp id:386000 m_cycle=2492480 req_time=0 resp_time=0 total_latency=44730321
RAM resp id:387000 m_cycle=2498017 req_time=0 resp_time=0 total_latency=44869618
[Cycle: 2500000]: mem_requests: 387410, mem_responses: 387376, avg_latency: 115
RAM resp id:388000 m_cycle=2503511 req_time=0 resp_time=0 total_latency=45004884
RAM resp id:389000 m_cycle=2509170 req_time=2508967 resp_time=203 total_latency=45141982
RAM resp id:390000 m_cycle=2514590 req_time=2514387 resp_time=203 total_latency=45279890
RAM resp id:391000 m_cycle=2519732 req_time=2519529 resp_time=203 total_latency=45413091
RAM resp id:392000 m_cycle=2525019 req_time=2524816 resp_time=203 total_latency=45552177
RAM resp id:393000 m_cycle=2530625 req_time=2530422 resp_time=203 total_latency=45688667
RAM resp id:394000 m_cycle=2536128 req_time=2535925 resp_time=203 total_latency=45821727
core 4 retired
core 1 retired
core 5 retired
core 3 retired
core 6 retired
core 0 retired
core 2 retired
core 7 retired
========== kernel 9 summary ==========
Core: 0
	CORE0_TOT_CYCLES   : 2540100
	CORE0_STALL_CYCLES : 911415
	CORE0_LD_INSTR     : 1897
	CORE0_ST_INSTR     : 1782
	CORE0_TENSOR_INSTR : 2048
	CORE0_TOT_INSTR    : 2540100
Core: 1
	CORE1_TOT_CYCLES   : 2540022
	CORE1_STALL_CYCLES : 901554
	CORE1_LD_INSTR     : 1893
	CORE1_ST_INSTR     : 1775
	CORE1_TENSOR_INSTR : 2048
	CORE1_TOT_INSTR    : 2540022
Core: 2
	CORE2_TOT_CYCLES   : 2540104
	CORE2_STALL_CYCLES : 902282
	CORE2_LD_INSTR     : 1895
	CORE2_ST_INSTR     : 1787
	CORE2_TENSOR_INSTR : 2048
	CORE2_TOT_INSTR    : 2540104
Core: 3
	CORE3_TOT_CYCLES   : 2540070
	CORE3_STALL_CYCLES : 920657
	CORE3_LD_INSTR     : 1884
	CORE3_ST_INSTR     : 1789
	CORE3_TENSOR_INSTR : 2048
	CORE3_TOT_INSTR    : 2540070
Core: 4
	CORE4_TOT_CYCLES   : 2539960
	CORE4_STALL_CYCLES : 903292
	CORE4_LD_INSTR     : 1886
	CORE4_ST_INSTR     : 1748
	CORE4_TENSOR_INSTR : 2048
	CORE4_TOT_INSTR    : 2539960
Core: 5
	CORE5_TOT_CYCLES   : 2540029
	CORE5_STALL_CYCLES : 908228
	CORE5_LD_INSTR     : 1887
	CORE5_ST_INSTR     : 1820
	CORE5_TENSOR_INSTR : 2048
	CORE5_TOT_INSTR    : 2540029
Core: 6
	CORE6_TOT_CYCLES   : 2540093
	CORE6_STALL_CYCLES : 904340
	CORE6_LD_INSTR     : 1903
	CORE6_ST_INSTR     : 1763
	CORE6_TENSOR_INSTR : 2048
	CORE6_TOT_INSTR    : 2540093
Core: 7
	CORE7_TOT_CYCLES   : 2540107
	CORE7_STALL_CYCLES : 911493
	CORE7_LD_INSTR     : 1902
	CORE7_ST_INSTR     : 1791
	CORE7_TENSOR_INSTR : 2048
	CORE7_TOT_INSTR    : 2540107
========== starting kernel 10 ==========
RAM resp id:395000 m_cycle=2546548 req_time=2546344 resp_time=204 total_latency=45984265
RAM resp id:396000 m_cycle=2561165 req_time=2560962 resp_time=203 total_latency=46157846
RAM resp id:397000 m_cycle=2575636 req_time=0 resp_time=0 total_latency=46321838
RAM resp id:398000 m_cycle=2590096 req_time=2589893 resp_time=203 total_latency=46486239
[Cycle: 2600000]: mem_requests: 398712, mem_responses: 398704, avg_latency: 116
RAM resp id:399000 m_cycle=2604499 req_time=2604296 resp_time=203 total_latency=46650639
RAM resp id:400000 m_cycle=2618870 req_time=2618667 resp_time=203 total_latency=46814238
RAM resp id:401000 m_cycle=2633275 req_time=2633072 resp_time=203 total_latency=46978129
RAM resp id:402000 m_cycle=2647448 req_time=0 resp_time=0 total_latency=47142947
RAM resp id:403000 m_cycle=2662105 req_time=2661902 resp_time=203 total_latency=47305768
RAM resp id:404000 m_cycle=2676207 req_time=2676004 resp_time=203 total_latency=47471387
RAM resp id:405000 m_cycle=2690423 req_time=2690220 resp_time=203 total_latency=47634986
core 2 retired
core 1 retired
core 4 retired
core 5 retired
core 0 retired
core 3 retired
core 6 retired
core 7 retired
========== kernel 10 summary ==========
Core: 0
	CORE0_TOT_CYCLES   : 2694165
	CORE0_STALL_CYCLES : 965056
	CORE0_LD_INSTR     : 1088
	CORE0_ST_INSTR     : 0
	CORE0_TENSOR_INSTR : 4096
	CORE0_TOT_INSTR    : 2694165
Core: 1
	CORE1_TOT_CYCLES   : 2693170
	CORE1_STALL_CYCLES : 954984
	CORE1_LD_INSTR     : 1080
	CORE1_ST_INSTR     : 0
	CORE1_TENSOR_INSTR : 4064
	CORE1_TOT_INSTR    : 2693170
Core: 2
	CORE2_TOT_CYCLES   : 2693099
	CORE2_STALL_CYCLES : 955645
	CORE2_LD_INSTR     : 1076
	CORE2_ST_INSTR     : 0
	CORE2_TENSOR_INSTR : 4064
	CORE2_TOT_INSTR    : 2693099
Core: 3
	CORE3_TOT_CYCLES   : 2694171
	CORE3_STALL_CYCLES : 974307
	CORE3_LD_INSTR     : 1085
	CORE3_ST_INSTR     : 0
	CORE3_TENSOR_INSTR : 4096
	CORE3_TOT_INSTR    : 2694171
Core: 4
	CORE4_TOT_CYCLES   : 2693180
	CORE4_STALL_CYCLES : 956736
	CORE4_LD_INSTR     : 1076
	CORE4_ST_INSTR     : 0
	CORE4_TENSOR_INSTR : 4064
	CORE4_TOT_INSTR    : 2693180
Core: 5
	CORE5_TOT_CYCLES   : 2693764
	CORE5_STALL_CYCLES : 959122
	CORE5_LD_INSTR     : 1106
	CORE5_ST_INSTR     : 0
	CORE5_TENSOR_INSTR : 4192
	CORE5_TOT_INSTR    : 2693764
Core: 6
	CORE6_TOT_CYCLES   : 2694180
	CORE6_STALL_CYCLES : 958004
	CORE6_LD_INSTR     : 1080
	CORE6_ST_INSTR     : 0
	CORE6_TENSOR_INSTR : 4096
	CORE6_TOT_INSTR    : 2694180
Core: 7
	CORE7_TOT_CYCLES   : 2694195
	CORE7_STALL_CYCLES : 965172
	CORE7_LD_INSTR     : 1080
	CORE7_ST_INSTR     : 0
	CORE7_TENSOR_INSTR : 4096
	CORE7_TOT_INSTR    : 2694195
========== starting kernel 11 ==========
RAM resp id:406000 m_cycle=2699653 req_time=2699450 resp_time=203 total_latency=47814891
[Cycle: 2700000]: mem_requests: 406116, mem_responses: 406074, avg_latency: 117
RAM resp id:407000 m_cycle=2704731 req_time=2704527 resp_time=204 total_latency=47950178
RAM resp id:408000 m_cycle=2709890 req_time=2709687 resp_time=203 total_latency=48085660
RAM resp id:409000 m_cycle=2715075 req_time=2714872 resp_time=203 total_latency=48221145
RAM resp id:410000 m_cycle=2720156 req_time=0 resp_time=0 total_latency=48356427
RAM resp id:411000 m_cycle=2725286 req_time=2725083 resp_time=203 total_latency=48492719
RAM resp id:412000 m_cycle=2730460 req_time=2730257 resp_time=203 total_latency=48627785
RAM resp id:413000 m_cycle=2735707 req_time=2735504 resp_time=203 total_latency=48763068
RAM resp id:414000 m_cycle=2740875 req_time=0 resp_time=0 total_latency=48898114
RAM resp id:415000 m_cycle=2746029 req_time=2745826 resp_time=203 total_latency=49033761
RAM resp id:416000 m_cycle=2751229 req_time=0 resp_time=0 total_latency=49168636
RAM resp id:417000 m_cycle=2756453 req_time=0 resp_time=0 total_latency=49304711
core 4 retired
core 5 retired
core 3 retired
core 7 retired
core 2 retired
core 0 retired
core 6 retired
core 1 retired
========== kernel 11 summary ==========
Core: 0
	CORE0_TOT_CYCLES   : 2757267
	CORE0_STALL_CYCLES : 1004768
	CORE0_LD_INSTR     : 506
	CORE0_ST_INSTR     : 501
	CORE0_TENSOR_INSTR : 2032
	CORE0_TOT_INSTR    : 2757267
Core: 1
	CORE1_TOT_CYCLES   : 2757369
	CORE1_STALL_CYCLES : 994433
	CORE1_LD_INSTR     : 509
	CORE1_ST_INSTR     : 511
	CORE1_TENSOR_INSTR : 2064
	CORE1_TOT_INSTR    : 2757369
Core: 2
	CORE2_TOT_CYCLES   : 2757189
	CORE2_STALL_CYCLES : 995277
	CORE2_LD_INSTR     : 507
	CORE2_ST_INSTR     : 502
	CORE2_TENSOR_INSTR : 2032
	CORE2_TOT_INSTR    : 2757189
Core: 3
	CORE3_TOT_CYCLES   : 2757088
	CORE3_STALL_CYCLES : 1013287
	CORE3_LD_INSTR     : 515
	CORE3_ST_INSTR     : 517
	CORE3_TENSOR_INSTR : 2080
	CORE3_TOT_INSTR    : 2757088
Core: 4
	CORE4_TOT_CYCLES   : 2756839
	CORE4_STALL_CYCLES : 995843
	CORE4_LD_INSTR     : 501
	CORE4_ST_INSTR     : 507
	CORE4_TENSOR_INSTR : 2048
	CORE4_TOT_INSTR    : 2756839
Core: 5
	CORE5_TOT_CYCLES   : 2756932
	CORE5_STALL_CYCLES : 998493
	CORE5_LD_INSTR     : 508
	CORE5_ST_INSTR     : 505
	CORE5_TENSOR_INSTR : 2032
	CORE5_TOT_INSTR    : 2756932
Core: 6
	CORE6_TOT_CYCLES   : 2757309
	CORE6_STALL_CYCLES : 997576
	CORE6_LD_INSTR     : 506
	CORE6_ST_INSTR     : 507
	CORE6_TENSOR_INSTR : 2048
	CORE6_TOT_INSTR    : 2757309
Core: 7
	CORE7_TOT_CYCLES   : 2757162
	CORE7_STALL_CYCLES : 1004592
	CORE7_LD_INSTR     : 508
	CORE7_ST_INSTR     : 510
	CORE7_TENSOR_INSTR : 2048
	CORE7_TOT_INSTR    : 2757162
========== starting kernel 12 ==========
RAM resp id:418000 m_cycle=2771141 req_time=2770938 resp_time=203 total_latency=49469641
RAM resp id:419000 m_cycle=2782452 req_time=2782249 resp_time=203 total_latency=49593697
RAM resp id:420000 m_cycle=2793825 req_time=2793622 resp_time=203 total_latency=49717352
[Cycle: 2800000]: mem_requests: 420546, mem_responses: 420528, avg_latency: 118
RAM resp id:421000 m_cycle=2805460 req_time=2805257 resp_time=203 total_latency=49842020
RAM resp id:422000 m_cycle=2816907 req_time=2816704 resp_time=203 total_latency=49965269
RAM resp id:423000 m_cycle=2828172 req_time=0 resp_time=0 total_latency=50088319
RAM resp id:424000 m_cycle=2839764 req_time=2839561 resp_time=203 total_latency=50213804
RAM resp id:425000 m_cycle=2851361 req_time=2851158 resp_time=203 total_latency=50339080
RAM resp id:426000 m_cycle=2862674 req_time=0 resp_time=0 total_latency=50460906
RAM resp id:427000 m_cycle=2874160 req_time=0 resp_time=0 total_latency=50585774
RAM resp id:428000 m_cycle=2885869 req_time=0 resp_time=0 total_latency=50711058
RAM resp id:429000 m_cycle=2897299 req_time=2897096 resp_time=203 total_latency=50835135
[Cycle: 2900000]: mem_requests: 429264, mem_responses: 429232, avg_latency: 118
RAM resp id:430000 m_cycle=2908544 req_time=2908341 resp_time=203 total_latency=50957767
core 6 retired
core 4 retired
core 7 retired
core 1 retired
core 0 retired
core 2 retired
core 3 retired
core 5 retired
========== kernel 12 summary ==========
Core: 0
	CORE0_TOT_CYCLES   : 2919089
	CORE0_STALL_CYCLES : 1027818
	CORE0_LD_INSTR     : 396
	CORE0_ST_INSTR     : 690
	CORE0_TENSOR_INSTR : 4096
	CORE0_TOT_INSTR    : 2919089
Core: 1
	CORE1_TOT_CYCLES   : 2918809
	CORE1_STALL_CYCLES : 1019769
	CORE1_LD_INSTR     : 398
	CORE1_ST_INSTR     : 668
	CORE1_TENSOR_INSTR : 4032
	CORE1_TOT_INSTR    : 2918809
Core: 2
	CORE2_TOT_CYCLES   : 2919136
	CORE2_STALL_CYCLES : 1018375
	CORE2_LD_INSTR     : 401
	CORE2_ST_INSTR     : 673
	CORE2_TENSOR_INSTR : 4096
	CORE2_TOT_INSTR    : 2919136
Core: 3
	CORE3_TOT_CYCLES   : 2919388
	CORE3_STALL_CYCLES : 1034561
	CORE3_LD_INSTR     : 382
	CORE3_ST_INSTR     : 713
	CORE3_TENSOR_INSTR : 4160
	CORE3_TOT_INSTR    : 2919388
Core: 4
	CORE4_TOT_CYCLES   : 2917484
	CORE4_STALL_CYCLES : 1017347
	CORE4_LD_INSTR     : 381
	CORE4_ST_INSTR     : 681
	CORE4_TENSOR_INSTR : 4096
	CORE4_TOT_INSTR    : 2917484
Core: 5
	CORE5_TOT_CYCLES   : 2919463
	CORE5_STALL_CYCLES : 1019702
	CORE5_LD_INSTR     : 374
	CORE5_ST_INSTR     : 709
	CORE5_TENSOR_INSTR : 4160
	CORE5_TOT_INSTR    : 2919463
Core: 6
	CORE6_TOT_CYCLES   : 2917024
	CORE6_STALL_CYCLES : 1020866
	CORE6_LD_INSTR     : 399
	CORE6_ST_INSTR     : 658
	CORE6_TENSOR_INSTR : 4032
	CORE6_TOT_INSTR    : 2917024
Core: 7
	CORE7_TOT_CYCLES   : 2918577
	CORE7_STALL_CYCLES : 1027401
	CORE7_LD_INSTR     : 384
	CORE7_ST_INSTR     : 690
	CORE7_TENSOR_INSTR : 4096
	CORE7_TOT_INSTR    : 2918577
========== starting kernel 13 ==========
RAM resp id:431000 m_cycle=2920822 req_time=2920619 resp_time=203 total_latency=51084554
core 0 retired
core 1 retired
core 2 retired
core 3 retired
core 4 retired
core 5 retired
core 6 retired
core 7 retired
========== kernel 13 summary ==========
Core: 0
	CORE0_TOT_CYCLES   : 2934195
	CORE0_STALL_CYCLES : 1030960
	CORE0_LD_INSTR     : 64
	CORE0_ST_INSTR     : 5
	CORE0_TENSOR_INSTR : 512
	CORE0_TOT_INSTR    : 2934195
Core: 1
	CORE1_TOT_CYCLES   : 2934199
	CORE1_STALL_CYCLES : 1022915
	CORE1_LD_INSTR     : 64
	CORE1_ST_INSTR     : 5
	CORE1_TENSOR_INSTR : 512
	CORE1_TOT_INSTR    : 2934199
Core: 2
	CORE2_TOT_CYCLES   : 2934203
	CORE2_STALL_CYCLES : 1021525
	CORE2_LD_INSTR     : 64
	CORE2_ST_INSTR     : 5
	CORE2_TENSOR_INSTR : 512
	CORE2_TOT_INSTR    : 2934203
Core: 3
	CORE3_TOT_CYCLES   : 2934207
	CORE3_STALL_CYCLES : 1037715
	CORE3_LD_INSTR     : 64
	CORE3_ST_INSTR     : 5
	CORE3_TENSOR_INSTR : 512
	CORE3_TOT_INSTR    : 2934207
Core: 4
	CORE4_TOT_CYCLES   : 2934211
	CORE4_STALL_CYCLES : 1020505
	CORE4_LD_INSTR     : 64
	CORE4_ST_INSTR     : 5
	CORE4_TENSOR_INSTR : 512
	CORE4_TOT_INSTR    : 2934211
Core: 5
	CORE5_TOT_CYCLES   : 2934215
	CORE5_STALL_CYCLES : 1022864
	CORE5_LD_INSTR     : 64
	CORE5_ST_INSTR     : 5
	CORE5_TENSOR_INSTR : 512
	CORE5_TOT_INSTR    : 2934215
Core: 6
	CORE6_TOT_CYCLES   : 2934219
	CORE6_STALL_CYCLES : 1024032
	CORE6_LD_INSTR     : 64
	CORE6_ST_INSTR     : 5
	CORE6_TENSOR_INSTR : 512
	CORE6_TOT_INSTR    : 2934219
Core: 7
	CORE7_TOT_CYCLES   : 2934223
	CORE7_STALL_CYCLES : 1030571
	CORE7_LD_INSTR     : 64
	CORE7_ST_INSTR     : 5
	CORE7_TENSOR_INSTR : 512
	CORE7_TOT_INSTR    : 2934223
========== starting kernel 14 ==========
core 2 retired
core 3 retired
core 4 retired
core 5 retired
core 6 retired
core 7 retired
core 1 retired
core 0 retired
========== kernel 14 summary ==========
Core: 0
	CORE0_TOT_CYCLES   : 2938034
	CORE0_STALL_CYCLES : 1031221
	CORE0_LD_INSTR     : 10
	CORE0_ST_INSTR     : 0
	CORE0_TENSOR_INSTR : 36
	CORE0_TOT_INSTR    : 2938034
Core: 1
	CORE1_TOT_CYCLES   : 2936729
	CORE1_STALL_CYCLES : 1023908
	CORE1_LD_INSTR     : 6
	CORE1_ST_INSTR     : 1
	CORE1_TENSOR_INSTR : 21
	CORE1_TOT_INSTR    : 2936729
Core: 2
	CORE2_TOT_CYCLES   : 2934224
	CORE2_STALL_CYCLES : 1021525
	CORE2_LD_INSTR     : 0
	CORE2_ST_INSTR     : 0
	CORE2_TENSOR_INSTR : 0
	CORE2_TOT_INSTR    : 2934224
Core: 3
	CORE3_TOT_CYCLES   : 2934224
	CORE3_STALL_CYCLES : 1037715
	CORE3_LD_INSTR     : 0
	CORE3_ST_INSTR     : 0
	CORE3_TENSOR_INSTR : 0
	CORE3_TOT_INSTR    : 2934224
Core: 4
	CORE4_TOT_CYCLES   : 2934224
	CORE4_STALL_CYCLES : 1020505
	CORE4_LD_INSTR     : 0
	CORE4_ST_INSTR     : 0
	CORE4_TENSOR_INSTR : 0
	CORE4_TOT_INSTR    : 2934224
Core: 5
	CORE5_TOT_CYCLES   : 2934224
	CORE5_STALL_CYCLES : 1022864
	CORE5_LD_INSTR     : 0
	CORE5_ST_INSTR     : 0
	CORE5_TENSOR_INSTR : 0
	CORE5_TOT_INSTR    : 2934224
Core: 6
	CORE6_TOT_CYCLES   : 2934224
	CORE6_STALL_CYCLES : 1024032
	CORE6_LD_INSTR     : 0
	CORE6_ST_INSTR     : 0
	CORE6_TENSOR_INSTR : 0
	CORE6_TOT_INSTR    : 2934224
Core: 7
	CORE7_TOT_CYCLES   : 2934224
	CORE7_STALL_CYCLES : 1030571
	CORE7_LD_INSTR     : 0
	CORE7_ST_INSTR     : 0
	CORE7_TENSOR_INSTR : 0
	CORE7_TOT_INSTR    : 2934224
GPU Retired.
**************************************************
Simulation finished @ Tue Apr 21 17:56:20 2026

Total simulation time: 0:1:32

============= MacSim Stats =============
Macsim:
	NUM_CYCLES              : 2938033
	NUM_INSTRS_RETIRED      : 14857416
	NUM_STALL_CYCLES        : 8212341
	NUM_MEM_REQUESTS        : 431510
	NUM_MEM_RESPONSES       : 431510
	AVG_RESPONSE_LATENCY    : 118
	NUM_TTIMEDOUT_REQUESTS  : 0
	INSTR_PER_CYCLE         : 5.056926
Cache:
	CACHE_NUM_ACCESSES    : 1961086
	CACHE_NUM_HITS        : 302367
	CACHE_HIT_RATE_PERC   : 15.42
	MISSES_PER_1000_INSTR : 111.64

========================================

[END OF GPU SIMULATION]
