Reading GPU Configurations...
Block Scheduling Policy: ROUND_ROBIN
Warp Scheduling Policy: ROUND_ROBIN
trace type : nvbit
> trace_path: /storage/ice-shared/cs8803o21/macsim_traces/gemm_half/Kernel1/trace.txt truncate_size: 0
 trace type : nvbit
# of blocks: 64, # of warps: 128, # of Instrs: 29696
> trace_path: /storage/ice-shared/cs8803o21/macsim_traces/gemm_half/Kernel2/trace.txt truncate_size: 0
 trace type : nvbit
# of blocks: 32, # of warps: 256, # of Instrs: 5632
> trace_path: /storage/ice-shared/cs8803o21/macsim_traces/gemm_half/Kernel3/trace.txt truncate_size: 0
 trace type : nvbit
# of blocks: 64, # of warps: 128, # of Instrs: 29696
> trace_path: /storage/ice-shared/cs8803o21/macsim_traces/gemm_half/Kernel4/trace.txt truncate_size: 0
 trace type : nvbit
# of blocks: 32, # of warps: 256, # of Instrs: 5632
> trace_path: /storage/ice-shared/cs8803o21/macsim_traces/gemm_half/Kernel5/trace.txt truncate_size: 0
 trace type : nvbit
# of blocks: 32, # of warps: 256, # of Instrs: 4352
> trace_path: /storage/ice-shared/cs8803o21/macsim_traces/gemm_half/Kernel6/trace.txt truncate_size: 0
 trace type : nvbit
# of blocks: 16, # of warps: 64, # of Instrs: 89600
> trace_path: /storage/ice-shared/cs8803o21/macsim_traces/gemm_half/Kernel7/trace.txt truncate_size: 0
 trace type : nvbit
# of blocks: 16, # of warps: 64, # of Instrs: 89600
Macsim started @ Tue Apr 21 17:53:06 2026

**************************************************
========== starting kernel 0 ==========
RAM resp id:0 m_cycle=224 req_time=21 resp_time=203 total_latency=203
RAM resp id:1000 m_cycle=12858 req_time=12655 resp_time=203 total_latency=153640
core 3 retired
core 7 retired
core 1 retired
core 0 retired
core 6 retired
core 2 retired
core 5 retired
core 4 retired
========== kernel 0 summary ==========
Core: 0
	CORE0_TOT_CYCLES   : 15596
	CORE0_STALL_CYCLES : 11752
	CORE0_LD_INSTR     : 48
	CORE0_ST_INSTR     : 66
	CORE0_TENSOR_INSTR : 0
	CORE0_TOT_INSTR    : 15596
Core: 1
	CORE1_TOT_CYCLES   : 15272
	CORE1_STALL_CYCLES : 11429
	CORE1_LD_INSTR     : 48
	CORE1_ST_INSTR     : 65
	CORE1_TENSOR_INSTR : 0
	CORE1_TOT_INSTR    : 15272
Core: 2
	CORE2_TOT_CYCLES   : 15806
	CORE2_STALL_CYCLES : 11960
	CORE2_LD_INSTR     : 48
	CORE2_ST_INSTR     : 68
	CORE2_TENSOR_INSTR : 0
	CORE2_TOT_INSTR    : 15806
Core: 3
	CORE3_TOT_CYCLES   : 15128
	CORE3_STALL_CYCLES : 11286
	CORE3_LD_INSTR     : 48
	CORE3_ST_INSTR     : 64
	CORE3_TENSOR_INSTR : 0
	CORE3_TOT_INSTR    : 15128
Core: 4
	CORE4_TOT_CYCLES   : 16150
	CORE4_STALL_CYCLES : 12300
	CORE4_LD_INSTR     : 48
	CORE4_ST_INSTR     : 72
	CORE4_TENSOR_INSTR : 0
	CORE4_TOT_INSTR    : 16150
Core: 5
	CORE5_TOT_CYCLES   : 15932
	CORE5_STALL_CYCLES : 12085
	CORE5_LD_INSTR     : 48
	CORE5_ST_INSTR     : 69
	CORE5_TENSOR_INSTR : 0
	CORE5_TOT_INSTR    : 15932
Core: 6
	CORE6_TOT_CYCLES   : 15627
	CORE6_STALL_CYCLES : 11783
	CORE6_LD_INSTR     : 48
	CORE6_ST_INSTR     : 66
	CORE6_TENSOR_INSTR : 0
	CORE6_TOT_INSTR    : 15627
Core: 7
	CORE7_TOT_CYCLES   : 15142
	CORE7_STALL_CYCLES : 11300
	CORE7_LD_INSTR     : 48
	CORE7_ST_INSTR     : 64
	CORE7_TENSOR_INSTR : 0
	CORE7_TOT_INSTR    : 15142
========== starting kernel 1 ==========
RAM resp id:2000 m_cycle=21043 req_time=20840 resp_time=203 total_latency=323947
core 0 retired
core 1 retired
core 2 retired
core 3 retired
core 4 retired
core 5 retired
core 6 retired
core 7 retired
========== kernel 1 summary ==========
Core: 0
	CORE0_TOT_CYCLES   : 21685
	CORE0_STALL_CYCLES : 16454
	CORE0_LD_INSTR     : 64
	CORE0_ST_INSTR     : 32
	CORE0_TENSOR_INSTR : 0
	CORE0_TOT_INSTR    : 21685
Core: 1
	CORE1_TOT_CYCLES   : 21694
	CORE1_STALL_CYCLES : 16140
	CORE1_LD_INSTR     : 64
	CORE1_ST_INSTR     : 32
	CORE1_TENSOR_INSTR : 0
	CORE1_TOT_INSTR    : 21694
Core: 2
	CORE2_TOT_CYCLES   : 21713
	CORE2_STALL_CYCLES : 16690
	CORE2_LD_INSTR     : 64
	CORE2_ST_INSTR     : 32
	CORE2_TENSOR_INSTR : 0
	CORE2_TOT_INSTR    : 21713
Core: 3
	CORE3_TOT_CYCLES   : 21724
	CORE3_STALL_CYCLES : 16027
	CORE3_LD_INSTR     : 64
	CORE3_ST_INSTR     : 32
	CORE3_TENSOR_INSTR : 0
	CORE3_TOT_INSTR    : 21724
Core: 4
	CORE4_TOT_CYCLES   : 21730
	CORE4_STALL_CYCLES : 17047
	CORE4_LD_INSTR     : 64
	CORE4_ST_INSTR     : 32
	CORE4_TENSOR_INSTR : 0
	CORE4_TOT_INSTR    : 21730
Core: 5
	CORE5_TOT_CYCLES   : 21746
	CORE5_STALL_CYCLES : 16848
	CORE5_LD_INSTR     : 64
	CORE5_ST_INSTR     : 32
	CORE5_TENSOR_INSTR : 0
	CORE5_TOT_INSTR    : 21746
Core: 6
	CORE6_TOT_CYCLES   : 21754
	CORE6_STALL_CYCLES : 16554
	CORE6_LD_INSTR     : 64
	CORE6_ST_INSTR     : 32
	CORE6_TENSOR_INSTR : 0
	CORE6_TOT_INSTR    : 21754
Core: 7
	CORE7_TOT_CYCLES   : 21756
	CORE7_STALL_CYCLES : 16073
	CORE7_LD_INSTR     : 64
	CORE7_ST_INSTR     : 32
	CORE7_TENSOR_INSTR : 0
	CORE7_TOT_INSTR    : 21756
========== starting kernel 2 ==========
RAM resp id:3000 m_cycle=33623 req_time=33420 resp_time=203 total_latency=485318
core 3 retired
core 7 retired
core 1 retired
core 0 retired
core 5 retired
core 2 retired
core 6 retired
core 4 retired
========== kernel 2 summary ==========
Core: 0
	CORE0_TOT_CYCLES   : 37355
	CORE0_STALL_CYCLES : 28210
	CORE0_LD_INSTR     : 48
	CORE0_ST_INSTR     : 66
	CORE0_TENSOR_INSTR : 0
	CORE0_TOT_INSTR    : 37355
Core: 1
	CORE1_TOT_CYCLES   : 37021
	CORE1_STALL_CYCLES : 27563
	CORE1_LD_INSTR     : 48
	CORE1_ST_INSTR     : 65
	CORE1_TENSOR_INSTR : 0
	CORE1_TOT_INSTR    : 37021
Core: 2
	CORE2_TOT_CYCLES   : 37551
	CORE2_STALL_CYCLES : 28640
	CORE2_LD_INSTR     : 48
	CORE2_ST_INSTR     : 68
	CORE2_TENSOR_INSTR : 0
	CORE2_TOT_INSTR    : 37551
Core: 3
	CORE3_TOT_CYCLES   : 36883
	CORE3_STALL_CYCLES : 27313
	CORE3_LD_INSTR     : 48
	CORE3_ST_INSTR     : 64
	CORE3_TENSOR_INSTR : 0
	CORE3_TOT_INSTR    : 36883
Core: 4
	CORE4_TOT_CYCLES   : 37920
	CORE4_STALL_CYCLES : 29363
	CORE4_LD_INSTR     : 48
	CORE4_ST_INSTR     : 71
	CORE4_TENSOR_INSTR : 0
	CORE4_TOT_INSTR    : 37920
Core: 5
	CORE5_TOT_CYCLES   : 37378
	CORE5_STALL_CYCLES : 28626
	CORE5_LD_INSTR     : 48
	CORE5_ST_INSTR     : 67
	CORE5_TENSOR_INSTR : 0
	CORE5_TOT_INSTR    : 37378
Core: 6
	CORE6_TOT_CYCLES   : 37582
	CORE6_STALL_CYCLES : 28535
	CORE6_LD_INSTR     : 48
	CORE6_ST_INSTR     : 68
	CORE6_TENSOR_INSTR : 0
	CORE6_TOT_INSTR    : 37582
Core: 7
	CORE7_TOT_CYCLES   : 36899
	CORE7_STALL_CYCLES : 27375
	CORE7_LD_INSTR     : 48
	CORE7_ST_INSTR     : 64
	CORE7_TENSOR_INSTR : 0
	CORE7_TOT_INSTR    : 36899
========== starting kernel 3 ==========
RAM resp id:4000 m_cycle=42333 req_time=42130 resp_time=203 total_latency=647875
core 0 retired
core 1 retired
core 2 retired
core 3 retired
core 4 retired
core 5 retired
core 6 retired
core 7 retired
========== kernel 3 summary ==========
Core: 0
	CORE0_TOT_CYCLES   : 43455
	CORE0_STALL_CYCLES : 32912
	CORE0_LD_INSTR     : 64
	CORE0_ST_INSTR     : 32
	CORE0_TENSOR_INSTR : 0
	CORE0_TOT_INSTR    : 43455
Core: 1
	CORE1_TOT_CYCLES   : 43464
	CORE1_STALL_CYCLES : 32274
	CORE1_LD_INSTR     : 64
	CORE1_ST_INSTR     : 32
	CORE1_TENSOR_INSTR : 0
	CORE1_TOT_INSTR    : 43464
Core: 2
	CORE2_TOT_CYCLES   : 43483
	CORE2_STALL_CYCLES : 33370
	CORE2_LD_INSTR     : 64
	CORE2_ST_INSTR     : 32
	CORE2_TENSOR_INSTR : 0
	CORE2_TOT_INSTR    : 43483
Core: 3
	CORE3_TOT_CYCLES   : 43494
	CORE3_STALL_CYCLES : 32054
	CORE3_LD_INSTR     : 64
	CORE3_ST_INSTR     : 32
	CORE3_TENSOR_INSTR : 0
	CORE3_TOT_INSTR    : 43494
Core: 4
	CORE4_TOT_CYCLES   : 43500
	CORE4_STALL_CYCLES : 34110
	CORE4_LD_INSTR     : 64
	CORE4_ST_INSTR     : 32
	CORE4_TENSOR_INSTR : 0
	CORE4_TOT_INSTR    : 43500
Core: 5
	CORE5_TOT_CYCLES   : 43516
	CORE5_STALL_CYCLES : 33389
	CORE5_LD_INSTR     : 64
	CORE5_ST_INSTR     : 32
	CORE5_TENSOR_INSTR : 0
	CORE5_TOT_INSTR    : 43516
Core: 6
	CORE6_TOT_CYCLES   : 43524
	CORE6_STALL_CYCLES : 33306
	CORE6_LD_INSTR     : 64
	CORE6_ST_INSTR     : 32
	CORE6_TENSOR_INSTR : 0
	CORE6_TOT_INSTR    : 43524
Core: 7
	CORE7_TOT_CYCLES   : 43526
	CORE7_STALL_CYCLES : 32148
	CORE7_LD_INSTR     : 64
	CORE7_ST_INSTR     : 32
	CORE7_TENSOR_INSTR : 0
	CORE7_TOT_INSTR    : 43526
========== starting kernel 4 ==========
core 0 retired
core 1 retired
core 2 retired
core 3 retired
core 4 retired
core 5 retired
core 6 retired
core 7 retired
========== kernel 4 summary ==========
Core: 0
	CORE0_TOT_CYCLES   : 45726
	CORE0_STALL_CYCLES : 34503
	CORE0_LD_INSTR     : 0
	CORE0_ST_INSTR     : 32
	CORE0_TENSOR_INSTR : 0
	CORE0_TOT_INSTR    : 45726
Core: 1
	CORE1_TOT_CYCLES   : 45731
	CORE1_STALL_CYCLES : 33870
	CORE1_LD_INSTR     : 0
	CORE1_ST_INSTR     : 32
	CORE1_TENSOR_INSTR : 0
	CORE1_TOT_INSTR    : 45731
Core: 2
	CORE2_TOT_CYCLES   : 45736
	CORE2_STALL_CYCLES : 34971
	CORE2_LD_INSTR     : 0
	CORE2_ST_INSTR     : 32
	CORE2_TENSOR_INSTR : 0
	CORE2_TOT_INSTR    : 45736
Core: 3
	CORE3_TOT_CYCLES   : 45740
	CORE3_STALL_CYCLES : 33659
	CORE3_LD_INSTR     : 0
	CORE3_ST_INSTR     : 32
	CORE3_TENSOR_INSTR : 0
	CORE3_TOT_INSTR    : 45740
Core: 4
	CORE4_TOT_CYCLES   : 45744
	CORE4_STALL_CYCLES : 35719
	CORE4_LD_INSTR     : 0
	CORE4_ST_INSTR     : 32
	CORE4_TENSOR_INSTR : 0
	CORE4_TOT_INSTR    : 45744
Core: 5
	CORE5_TOT_CYCLES   : 45748
	CORE5_STALL_CYCLES : 35002
	CORE5_LD_INSTR     : 0
	CORE5_ST_INSTR     : 32
	CORE5_TENSOR_INSTR : 0
	CORE5_TOT_INSTR    : 45748
Core: 6
	CORE6_TOT_CYCLES   : 45752
	CORE6_STALL_CYCLES : 34923
	CORE6_LD_INSTR     : 0
	CORE6_ST_INSTR     : 32
	CORE6_TENSOR_INSTR : 0
	CORE6_TOT_INSTR    : 45752
Core: 7
	CORE7_TOT_CYCLES   : 45756
	CORE7_STALL_CYCLES : 33769
	CORE7_LD_INSTR     : 0
	CORE7_ST_INSTR     : 32
	CORE7_TENSOR_INSTR : 0
	CORE7_TOT_INSTR    : 45756
========== starting kernel 5 ==========
RAM resp id:5000 m_cycle=50017 req_time=49814 resp_time=203 total_latency=852382
core 0 retired
core 5 retired
core 1 retired
core 3 retired
core 2 retired
core 4 retired
core 7 retired
core 6 retired
========== kernel 5 summary ==========
Core: 0
	CORE0_TOT_CYCLES   : 63087
	CORE0_STALL_CYCLES : 40497
	CORE0_LD_INSTR     : 128
	CORE0_ST_INSTR     : 0
	CORE0_TENSOR_INSTR : 328
	CORE0_TOT_INSTR    : 63087
Core: 1
	CORE1_TOT_CYCLES   : 63100
	CORE1_STALL_CYCLES : 39877
	CORE1_LD_INSTR     : 128
	CORE1_ST_INSTR     : 0
	CORE1_TENSOR_INSTR : 328
	CORE1_TOT_INSTR    : 63100
Core: 2
	CORE2_TOT_CYCLES   : 63107
	CORE2_STALL_CYCLES : 40985
	CORE2_LD_INSTR     : 128
	CORE2_ST_INSTR     : 0
	CORE2_TENSOR_INSTR : 328
	CORE2_TOT_INSTR    : 63107
Core: 3
	CORE3_TOT_CYCLES   : 63102
	CORE3_STALL_CYCLES : 39668
	CORE3_LD_INSTR     : 128
	CORE3_ST_INSTR     : 0
	CORE3_TENSOR_INSTR : 328
	CORE3_TOT_INSTR    : 63102
Core: 4
	CORE4_TOT_CYCLES   : 63112
	CORE4_STALL_CYCLES : 41738
	CORE4_LD_INSTR     : 128
	CORE4_ST_INSTR     : 0
	CORE4_TENSOR_INSTR : 328
	CORE4_TOT_INSTR    : 63112
Core: 5
	CORE5_TOT_CYCLES   : 63096
	CORE5_STALL_CYCLES : 41005
	CORE5_LD_INSTR     : 128
	CORE5_ST_INSTR     : 0
	CORE5_TENSOR_INSTR : 328
	CORE5_TOT_INSTR    : 63096
Core: 6
	CORE6_TOT_CYCLES   : 63149
	CORE6_STALL_CYCLES : 40979
	CORE6_LD_INSTR     : 128
	CORE6_ST_INSTR     : 0
	CORE6_TENSOR_INSTR : 328
	CORE6_TOT_INSTR    : 63149
Core: 7
	CORE7_TOT_CYCLES   : 63145
	CORE7_STALL_CYCLES : 39821
	CORE7_LD_INSTR     : 128
	CORE7_ST_INSTR     : 0
	CORE7_TENSOR_INSTR : 328
	CORE7_TOT_INSTR    : 63145
========== starting kernel 6 ==========
RAM resp id:6000 m_cycle=67213 req_time=67010 resp_time=203 total_latency=1056240
core 1 retired
core 5 retired
core 3 retired
core 2 retired
core 4 retired
core 0 retired
core 6 retired
core 7 retired
========== kernel 6 summary ==========
Core: 0
	CORE0_TOT_CYCLES   : 80488
	CORE0_STALL_CYCLES : 46499
	CORE0_LD_INSTR     : 128
	CORE0_ST_INSTR     : 0
	CORE0_TENSOR_INSTR : 328
	CORE0_TOT_INSTR    : 80488
Core: 1
	CORE1_TOT_CYCLES   : 80459
	CORE1_STALL_CYCLES : 45850
	CORE1_LD_INSTR     : 128
	CORE1_ST_INSTR     : 0
	CORE1_TENSOR_INSTR : 328
	CORE1_TOT_INSTR    : 80459
Core: 2
	CORE2_TOT_CYCLES   : 80464
	CORE2_STALL_CYCLES : 46963
	CORE2_LD_INSTR     : 128
	CORE2_ST_INSTR     : 0
	CORE2_TENSOR_INSTR : 328
	CORE2_TOT_INSTR    : 80464
Core: 3
	CORE3_TOT_CYCLES   : 80462
	CORE3_STALL_CYCLES : 45644
	CORE3_LD_INSTR     : 128
	CORE3_ST_INSTR     : 0
	CORE3_TENSOR_INSTR : 328
	CORE3_TOT_INSTR    : 80462
Core: 4
	CORE4_TOT_CYCLES   : 80465
	CORE4_STALL_CYCLES : 47717
	CORE4_LD_INSTR     : 128
	CORE4_ST_INSTR     : 0
	CORE4_TENSOR_INSTR : 328
	CORE4_TOT_INSTR    : 80465
Core: 5
	CORE5_TOT_CYCLES   : 80460
	CORE5_STALL_CYCLES : 46979
	CORE5_LD_INSTR     : 128
	CORE5_ST_INSTR     : 0
	CORE5_TENSOR_INSTR : 328
	CORE5_TOT_INSTR    : 80460
Core: 6
	CORE6_TOT_CYCLES   : 80497
	CORE6_STALL_CYCLES : 46990
	CORE6_LD_INSTR     : 128
	CORE6_ST_INSTR     : 0
	CORE6_TENSOR_INSTR : 328
	CORE6_TOT_INSTR    : 80497
Core: 7
	CORE7_TOT_CYCLES   : 80497
	CORE7_STALL_CYCLES : 45832
	CORE7_LD_INSTR     : 128
	CORE7_ST_INSTR     : 0
	CORE7_TENSOR_INSTR : 328
	CORE7_TOT_INSTR    : 80497
GPU Retired.
**************************************************
Simulation finished @ Tue Apr 21 17:53:07 2026

Total simulation time: 0:0:1

============= MacSim Stats =============
Macsim:
	NUM_CYCLES              : 80496
	NUM_INSTRS_RETIRED      : 254208
	NUM_STALL_CYCLES        : 372474
	NUM_MEM_REQUESTS        : 6496
	NUM_MEM_RESPONSES       : 6496
	AVG_RESPONSE_LATENCY    : 178
	NUM_TTIMEDOUT_REQUESTS  : 0
	INSTR_PER_CYCLE         : 3.158020
Cache:
	CACHE_NUM_ACCESSES    : 54827
	CACHE_NUM_HITS        : 10259
	CACHE_HIT_RATE_PERC   : 18.71
	MISSES_PER_1000_INSTR : 175.32

========================================

[END OF GPU SIMULATION]
