Reading GPU Configurations...
Block Scheduling Policy: ROUND_ROBIN
Warp Scheduling Policy: CCWS
trace type : nvbit
> trace_path: /storage/ice-shared/cs8803o21/macsim_traces/lavaMD/5/Kernel0/trace.txt truncate_size: 0
 trace type : nvbit
# of blocks: 125, # of warps: 500, # of Instrs: 43276498
Macsim started @ Tue Apr 21 18:04:39 2026

**************************************************
========== starting kernel 0 ==========
RAM resp id:0 m_cycle=240 req_time=37 resp_time=203 total_latency=203
[Cycle: 100000]: mem_requests: 223, mem_responses: 223, avg_latency: 205
[Cycle: 200000]: mem_requests: 333, mem_responses: 333, avg_latency: 204
[Cycle: 300000]: mem_requests: 386, mem_responses: 386, avg_latency: 204
[Cycle: 400000]: mem_requests: 468, mem_responses: 468, avg_latency: 203
[Cycle: 500000]: mem_requests: 527, mem_responses: 527, avg_latency: 203
[Cycle: 600000]: mem_requests: 596, mem_responses: 596, avg_latency: 201
[Cycle: 700000]: mem_requests: 666, mem_responses: 666, avg_latency: 197
[Cycle: 800000]: mem_requests: 726, mem_responses: 726, avg_latency: 192
[Cycle: 900000]: mem_requests: 920, mem_responses: 920, avg_latency: 186
RAM resp id:1000 m_cycle=942325 req_time=942122 resp_time=203 total_latency=184255
[Cycle: 1000000]: mem_requests: 1083, mem_responses: 1082, avg_latency: 182
[Cycle: 1100000]: mem_requests: 1189, mem_responses: 1189, avg_latency: 181
[Cycle: 1200000]: mem_requests: 1235, mem_responses: 1235, avg_latency: 181
[Cycle: 1300000]: mem_requests: 1318, mem_responses: 1318, avg_latency: 180
[Cycle: 1400000]: mem_requests: 1420, mem_responses: 1420, avg_latency: 180
[Cycle: 1500000]: mem_requests: 1498, mem_responses: 1498, avg_latency: 179
[Cycle: 1600000]: mem_requests: 1599, mem_responses: 1599, avg_latency: 178
[Cycle: 1700000]: mem_requests: 1654, mem_responses: 1654, avg_latency: 178
[Cycle: 1800000]: mem_requests: 1790, mem_responses: 1790, avg_latency: 178
[Cycle: 1900000]: mem_requests: 1865, mem_responses: 1865, avg_latency: 178
[Cycle: 2000000]: mem_requests: 1908, mem_responses: 1908, avg_latency: 178
RAM resp id:2000 m_cycle=2080497 req_time=2080294 resp_time=203 total_latency=358228
[Cycle: 2100000]: mem_requests: 2036, mem_responses: 2036, avg_latency: 179
[Cycle: 2200000]: mem_requests: 2228, mem_responses: 2228, avg_latency: 179
[Cycle: 2300000]: mem_requests: 2346, mem_responses: 2346, avg_latency: 179
[Cycle: 2400000]: mem_requests: 2429, mem_responses: 2429, avg_latency: 179
[Cycle: 2500000]: mem_requests: 2529, mem_responses: 2529, avg_latency: 179
[Cycle: 2600000]: mem_requests: 2609, mem_responses: 2609, avg_latency: 179
[Cycle: 2700000]: mem_requests: 2726, mem_responses: 2726, avg_latency: 178
[Cycle: 2800000]: mem_requests: 2812, mem_responses: 2812, avg_latency: 178
[Cycle: 2900000]: mem_requests: 2893, mem_responses: 2892, avg_latency: 178
[Cycle: 3000000]: mem_requests: 2993, mem_responses: 2993, avg_latency: 178
RAM resp id:3000 m_cycle=3001557 req_time=3001354 resp_time=203 total_latency=536475
[Cycle: 3100000]: mem_requests: 3140, mem_responses: 3140, avg_latency: 179
[Cycle: 3200000]: mem_requests: 3203, mem_responses: 3203, avg_latency: 178
[Cycle: 3300000]: mem_requests: 3259, mem_responses: 3259, avg_latency: 178
[Cycle: 3400000]: mem_requests: 3431, mem_responses: 3429, avg_latency: 179
[Cycle: 3500000]: mem_requests: 3602, mem_responses: 3602, avg_latency: 179
[Cycle: 3600000]: mem_requests: 3709, mem_responses: 3709, avg_latency: 179
[Cycle: 3700000]: mem_requests: 3814, mem_responses: 3814, avg_latency: 179
[Cycle: 3800000]: mem_requests: 3944, mem_responses: 3944, avg_latency: 179
RAM resp id:4000 m_cycle=3883275 req_time=0 resp_time=0 total_latency=716944
[Cycle: 3900000]: mem_requests: 4010, mem_responses: 4010, avg_latency: 179
[Cycle: 4000000]: mem_requests: 4103, mem_responses: 4103, avg_latency: 179
[Cycle: 4100000]: mem_requests: 4202, mem_responses: 4202, avg_latency: 178
[Cycle: 4200000]: mem_requests: 4263, mem_responses: 4263, avg_latency: 178
[Cycle: 4300000]: mem_requests: 4366, mem_responses: 4366, avg_latency: 178
[Cycle: 4400000]: mem_requests: 4479, mem_responses: 4479, avg_latency: 178
[Cycle: 4500000]: mem_requests: 4510, mem_responses: 4510, avg_latency: 178
[Cycle: 4600000]: mem_requests: 4614, mem_responses: 4613, avg_latency: 178
[Cycle: 4700000]: mem_requests: 4789, mem_responses: 4786, avg_latency: 178
[Cycle: 4800000]: mem_requests: 4908, mem_responses: 4908, avg_latency: 179
RAM resp id:5000 m_cycle=4882482 req_time=4882279 resp_time=203 total_latency=896398
[Cycle: 4900000]: mem_requests: 5011, mem_responses: 5011, avg_latency: 179
[Cycle: 5000000]: mem_requests: 5076, mem_responses: 5076, avg_latency: 179
[Cycle: 5100000]: mem_requests: 5180, mem_responses: 5180, avg_latency: 178
[Cycle: 5200000]: mem_requests: 5228, mem_responses: 5228, avg_latency: 178
[Cycle: 5300000]: mem_requests: 5341, mem_responses: 5341, avg_latency: 178
[Cycle: 5400000]: mem_requests: 5419, mem_responses: 5419, avg_latency: 178
core 4 retired
core 2 retired
core 3 retired
core 6 retired
[Cycle: 5500000]: mem_requests: 5423, mem_responses: 5423, avg_latency: 178
core 7 retired
core 5 retired
core 1 retired
core 0 retired
========== kernel 0 summary ==========
Core: 0
	CORE0_TOT_CYCLES   : 5561436
	CORE0_STALL_CYCLES : 3214
	CORE0_LD_INSTR     : 570
	CORE0_ST_INSTR     : 0
	CORE0_TENSOR_INSTR : 0
	CORE0_TOT_INSTR    : 5561436
Core: 1
	CORE1_TOT_CYCLES   : 5542503
	CORE1_STALL_CYCLES : 4291
	CORE1_LD_INSTR     : 531
	CORE1_ST_INSTR     : 0
	CORE1_TENSOR_INSTR : 0
	CORE1_TOT_INSTR    : 5542503
Core: 2
	CORE2_TOT_CYCLES   : 5441809
	CORE2_STALL_CYCLES : 3822
	CORE2_LD_INSTR     : 518
	CORE2_ST_INSTR     : 0
	CORE2_TENSOR_INSTR : 0
	CORE2_TOT_INSTR    : 5441809
Core: 3
	CORE3_TOT_CYCLES   : 5442550
	CORE3_STALL_CYCLES : 4118
	CORE3_LD_INSTR     : 606
	CORE3_ST_INSTR     : 0
	CORE3_TENSOR_INSTR : 0
	CORE3_TOT_INSTR    : 5442550
Core: 4
	CORE4_TOT_CYCLES   : 5441101
	CORE4_STALL_CYCLES : 2951
	CORE4_LD_INSTR     : 681
	CORE4_ST_INSTR     : 0
	CORE4_TENSOR_INSTR : 0
	CORE4_TOT_INSTR    : 5441101
Core: 5
	CORE5_TOT_CYCLES   : 5541702
	CORE5_STALL_CYCLES : 3438
	CORE5_LD_INSTR     : 583
	CORE5_ST_INSTR     : 0
	CORE5_TENSOR_INSTR : 0
	CORE5_TOT_INSTR    : 5541702
Core: 6
	CORE6_TOT_CYCLES   : 5461187
	CORE6_STALL_CYCLES : 3223
	CORE6_LD_INSTR     : 524
	CORE6_ST_INSTR     : 0
	CORE6_TENSOR_INSTR : 0
	CORE6_TOT_INSTR    : 5461187
Core: 7
	CORE7_TOT_CYCLES   : 5523094
	CORE7_STALL_CYCLES : 4637
	CORE7_LD_INSTR     : 747
	CORE7_ST_INSTR     : 0
	CORE7_TENSOR_INSTR : 0
	CORE7_TOT_INSTR    : 5523094
GPU Retired.
**************************************************
Simulation finished @ Tue Apr 21 18:04:56 2026

Total simulation time: 0:0:17

============= MacSim Stats =============
Macsim:
	NUM_CYCLES              : 5561435
	NUM_INSTRS_RETIRED      : 43920412
	NUM_STALL_CYCLES        : 29694
	NUM_MEM_REQUESTS        : 5423
	NUM_MEM_RESPONSES       : 5423
	AVG_RESPONSE_LATENCY    : 178
	NUM_TTIMEDOUT_REQUESTS  : 0
	INSTR_PER_CYCLE         : 7.897316
Cache:
	CACHE_NUM_ACCESSES    : 631420
	CACHE_NUM_HITS        : 195598
	CACHE_HIT_RATE_PERC   : 30.98
	MISSES_PER_1000_INSTR : 9.92

========================================

[END OF GPU SIMULATION]
