Reading GPU Configurations...
Block Scheduling Policy: ROUND_ROBIN
Warp Scheduling Policy: GTO
trace type : nvbit
> trace_path: /storage/ice-shared/cs8803o21/macsim_traces/cnn_float/Kernel0/trace.txt truncate_size: 0
 trace type : nvbit
# of blocks: 184, # of warps: 1472, # of Instrs: 447040
> trace_path: /storage/ice-shared/cs8803o21/macsim_traces/cnn_float/Kernel1/trace.txt truncate_size: 0
 trace type : nvbit
# of blocks: 17, # of warps: 136, # of Instrs: 11260
> trace_path: /storage/ice-shared/cs8803o21/macsim_traces/cnn_float/Kernel2/trace.txt truncate_size: 0
 trace type : nvbit
# of blocks: 256, # of warps: 512, # of Instrs: 2130336
> trace_path: /storage/ice-shared/cs8803o21/macsim_traces/cnn_float/Kernel3/trace.txt truncate_size: 0
 trace type : nvbit
# of blocks: 4096, # of warps: 16384, # of Instrs: 1490944
> trace_path: /storage/ice-shared/cs8803o21/macsim_traces/cnn_float/Kernel4/trace.txt truncate_size: 0
 trace type : nvbit
# of blocks: 2048, # of warps: 8192, # of Instrs: 294912
> trace_path: /storage/ice-shared/cs8803o21/macsim_traces/cnn_float/Kernel5/trace.txt truncate_size: 0
 trace type : nvbit
# of blocks: 1024, # of warps: 8192, # of Instrs: 2131126
> trace_path: /storage/ice-shared/cs8803o21/macsim_traces/cnn_float/Kernel6/trace.txt truncate_size: 0
 trace type : nvbit
# of blocks: 16, # of warps: 64, # of Instrs: 41712
> trace_path: /storage/ice-shared/cs8803o21/macsim_traces/cnn_float/Kernel7/trace.txt truncate_size: 0
 trace type : nvbit
# of blocks: 128, # of warps: 1024, # of Instrs: 4281472
> trace_path: /storage/ice-shared/cs8803o21/macsim_traces/cnn_float/Kernel8/trace.txt truncate_size: 0
 trace type : nvbit
# of blocks: 2048, # of warps: 8192, # of Instrs: 745472
> trace_path: /storage/ice-shared/cs8803o21/macsim_traces/cnn_float/Kernel9/trace.txt truncate_size: 0
 trace type : nvbit
# of blocks: 1024, # of warps: 4096, # of Instrs: 147456
> trace_path: /storage/ice-shared/cs8803o21/macsim_traces/cnn_float/Kernel10/trace.txt truncate_size: 0
 trace type : nvbit
# of blocks: 512, # of warps: 4096, # of Instrs: 1080947
> trace_path: /storage/ice-shared/cs8803o21/macsim_traces/cnn_float/Kernel11/trace.txt truncate_size: 0
 trace type : nvbit
# of blocks: 32, # of warps: 512, # of Instrs: 88576
> trace_path: /storage/ice-shared/cs8803o21/macsim_traces/cnn_float/Kernel12/trace.txt truncate_size: 0
 trace type : nvbit
# of blocks: 2, # of warps: 8, # of Instrs: 4901
Macsim started @ Tue Apr 21 18:02:48 2026

**************************************************
========== starting kernel 0 ==========
RAM resp id:0 m_cycle=467 req_time=264 resp_time=203 total_latency=203
RAM resp id:1000 m_cycle=55612 req_time=0 resp_time=0 total_latency=156940
core 0 retired
core 1 retired
core 2 retired
core 3 retired
core 4 retired
core 5 retired
core 6 retired
core 7 retired
========== kernel 0 summary ==========
Core: 0
	CORE0_TOT_CYCLES   : 56162
	CORE0_STALL_CYCLES : 0
	CORE0_LD_INSTR     : 0
	CORE0_ST_INSTR     : 96
	CORE0_TENSOR_INSTR : 0
	CORE0_TOT_INSTR    : 56162
Core: 1
	CORE1_TOT_CYCLES   : 56162
	CORE1_STALL_CYCLES : 0
	CORE1_LD_INSTR     : 0
	CORE1_ST_INSTR     : 96
	CORE1_TENSOR_INSTR : 0
	CORE1_TOT_INSTR    : 56162
Core: 2
	CORE2_TOT_CYCLES   : 56162
	CORE2_STALL_CYCLES : 0
	CORE2_LD_INSTR     : 0
	CORE2_ST_INSTR     : 96
	CORE2_TENSOR_INSTR : 0
	CORE2_TOT_INSTR    : 56162
Core: 3
	CORE3_TOT_CYCLES   : 56162
	CORE3_STALL_CYCLES : 0
	CORE3_LD_INSTR     : 0
	CORE3_ST_INSTR     : 96
	CORE3_TENSOR_INSTR : 0
	CORE3_TOT_INSTR    : 56162
Core: 4
	CORE4_TOT_CYCLES   : 56162
	CORE4_STALL_CYCLES : 0
	CORE4_LD_INSTR     : 0
	CORE4_ST_INSTR     : 96
	CORE4_TENSOR_INSTR : 0
	CORE4_TOT_INSTR    : 56162
Core: 5
	CORE5_TOT_CYCLES   : 56162
	CORE5_STALL_CYCLES : 0
	CORE5_LD_INSTR     : 0
	CORE5_ST_INSTR     : 96
	CORE5_TENSOR_INSTR : 0
	CORE5_TOT_INSTR    : 56162
Core: 6
	CORE6_TOT_CYCLES   : 56162
	CORE6_STALL_CYCLES : 0
	CORE6_LD_INSTR     : 0
	CORE6_ST_INSTR     : 96
	CORE6_TENSOR_INSTR : 0
	CORE6_TOT_INSTR    : 56162
Core: 7
	CORE7_TOT_CYCLES   : 56162
	CORE7_STALL_CYCLES : 0
	CORE7_LD_INSTR     : 0
	CORE7_ST_INSTR     : 96
	CORE7_TENSOR_INSTR : 0
	CORE7_TOT_INSTR    : 56162
========== starting kernel 1 ==========
core 0 retired
core 2 retired
core 3 retired
core 4 retired
core 5 retired
core 6 retired
core 7 retired
core 1 retired
========== kernel 1 summary ==========
Core: 0
	CORE0_TOT_CYCLES   : 57932
	CORE0_STALL_CYCLES : 347
	CORE0_LD_INSTR     : 0
	CORE0_ST_INSTR     : 22
	CORE0_TENSOR_INSTR : 0
	CORE0_TOT_INSTR    : 57932
Core: 1
	CORE1_TOT_CYCLES   : 58032
	CORE1_STALL_CYCLES : 300
	CORE1_LD_INSTR     : 0
	CORE1_ST_INSTR     : 23
	CORE1_TENSOR_INSTR : 0
	CORE1_TOT_INSTR    : 58032
Core: 2
	CORE2_TOT_CYCLES   : 57933
	CORE2_STALL_CYCLES : 340
	CORE2_LD_INSTR     : 0
	CORE2_ST_INSTR     : 22
	CORE2_TENSOR_INSTR : 0
	CORE2_TOT_INSTR    : 57933
Core: 3
	CORE3_TOT_CYCLES   : 57934
	CORE3_STALL_CYCLES : 341
	CORE3_LD_INSTR     : 0
	CORE3_ST_INSTR     : 22
	CORE3_TENSOR_INSTR : 0
	CORE3_TOT_INSTR    : 57934
Core: 4
	CORE4_TOT_CYCLES   : 57935
	CORE4_STALL_CYCLES : 342
	CORE4_LD_INSTR     : 0
	CORE4_ST_INSTR     : 22
	CORE4_TENSOR_INSTR : 0
	CORE4_TOT_INSTR    : 57935
Core: 5
	CORE5_TOT_CYCLES   : 57936
	CORE5_STALL_CYCLES : 343
	CORE5_LD_INSTR     : 0
	CORE5_ST_INSTR     : 22
	CORE5_TENSOR_INSTR : 0
	CORE5_TOT_INSTR    : 57936
Core: 6
	CORE6_TOT_CYCLES   : 57937
	CORE6_STALL_CYCLES : 344
	CORE6_LD_INSTR     : 0
	CORE6_ST_INSTR     : 22
	CORE6_TENSOR_INSTR : 0
	CORE6_TOT_INSTR    : 57937
Core: 7
	CORE7_TOT_CYCLES   : 57939
	CORE7_STALL_CYCLES : 344
	CORE7_LD_INSTR     : 0
	CORE7_ST_INSTR     : 22
	CORE7_TENSOR_INSTR : 0
	CORE7_TOT_INSTR    : 57939
========== starting kernel 2 ==========
RAM resp id:2000 m_cycle=74594 req_time=0 resp_time=0 total_latency=336933
RAM resp id:3000 m_cycle=78836 req_time=0 resp_time=0 total_latency=439086
RAM resp id:4000 m_cycle=95145 req_time=94942 resp_time=203 total_latency=585678
RAM resp id:5000 m_cycle=99222 req_time=99019 resp_time=203 total_latency=691278
[Cycle: 100000]: mem_requests: 5250, mem_responses: 5198, avg_latency: 136
RAM resp id:6000 m_cycle=114829 req_time=0 resp_time=0 total_latency=813315
RAM resp id:7000 m_cycle=119151 req_time=0 resp_time=0 total_latency=922758
RAM resp id:8000 m_cycle=129967 req_time=129764 resp_time=203 total_latency=1025914
RAM resp id:9000 m_cycle=138284 req_time=138081 resp_time=203 total_latency=1141642
RAM resp id:10000 m_cycle=147499 req_time=147296 resp_time=203 total_latency=1245796
RAM resp id:11000 m_cycle=158018 req_time=157815 resp_time=203 total_latency=1370471
RAM resp id:12000 m_cycle=162113 req_time=161910 resp_time=203 total_latency=1470981
RAM resp id:13000 m_cycle=177251 req_time=0 resp_time=0 total_latency=1587533
RAM resp id:14000 m_cycle=181452 req_time=181249 resp_time=203 total_latency=1689697
RAM resp id:15000 m_cycle=197021 req_time=196818 resp_time=203 total_latency=1813948
[Cycle: 200000]: mem_requests: 15793, mem_responses: 15737, avg_latency: 120
RAM resp id:16000 m_cycle=201027 req_time=0 resp_time=0 total_latency=1917302
RAM resp id:17000 m_cycle=215859 req_time=0 resp_time=0 total_latency=2027550
RAM resp id:18000 m_cycle=220229 req_time=220026 resp_time=203 total_latency=2136595
RAM resp id:19000 m_cycle=235065 req_time=234862 resp_time=203 total_latency=2247867
RAM resp id:20000 m_cycle=240056 req_time=239853 resp_time=203 total_latency=2362586
RAM resp id:21000 m_cycle=249901 req_time=0 resp_time=0 total_latency=2464518
RAM resp id:22000 m_cycle=259374 req_time=0 resp_time=0 total_latency=2578845
RAM resp id:23000 m_cycle=268045 req_time=267841 resp_time=204 total_latency=2683003
RAM resp id:24000 m_cycle=279150 req_time=0 resp_time=0 total_latency=2804228
RAM resp id:25000 m_cycle=283362 req_time=283159 resp_time=203 total_latency=2906398
RAM resp id:26000 m_cycle=298396 req_time=0 resp_time=0 total_latency=3021114
[Cycle: 300000]: mem_requests: 26459, mem_responses: 26410, avg_latency: 115
RAM resp id:27000 m_cycle=302463 req_time=0 resp_time=0 total_latency=3122051
RAM resp id:28000 m_cycle=317985 req_time=0 resp_time=0 total_latency=3244298
RAM resp id:29000 m_cycle=322203 req_time=0 resp_time=0 total_latency=3347663
RAM resp id:30000 m_cycle=337248 req_time=0 resp_time=0 total_latency=3459125
RAM resp id:31000 m_cycle=341623 req_time=0 resp_time=0 total_latency=3565940
RAM resp id:32000 m_cycle=356767 req_time=356563 resp_time=204 total_latency=3679030
RAM resp id:33000 m_cycle=361478 req_time=0 resp_time=0 total_latency=3790519
RAM resp id:34000 m_cycle=376108 req_time=0 resp_time=0 total_latency=3895893
RAM resp id:35000 m_cycle=380818 req_time=0 resp_time=0 total_latency=4006548
core 2 retired
core 6 retired
core 1 retired
core 3 retired
core 4 retired
core 0 retired
core 7 retired
core 5 retired
========== kernel 2 summary ==========
Core: 0
	CORE0_TOT_CYCLES   : 384425
	CORE0_STALL_CYCLES : 57980
	CORE0_LD_INSTR     : 452
	CORE0_ST_INSTR     : 1981
	CORE0_TENSOR_INSTR : 0
	CORE0_TOT_INSTR    : 384425
Core: 1
	CORE1_TOT_CYCLES   : 383139
	CORE1_STALL_CYCLES : 56653
	CORE1_LD_INSTR     : 425
	CORE1_ST_INSTR     : 1984
	CORE1_TENSOR_INSTR : 0
	CORE1_TOT_INSTR    : 383139
Core: 2
	CORE2_TOT_CYCLES   : 382270
	CORE2_STALL_CYCLES : 55843
	CORE2_LD_INSTR     : 393
	CORE2_ST_INSTR     : 1979
	CORE2_TENSOR_INSTR : 0
	CORE2_TOT_INSTR    : 382270
Core: 3
	CORE3_TOT_CYCLES   : 383307
	CORE3_STALL_CYCLES : 56914
	CORE3_LD_INSTR     : 366
	CORE3_ST_INSTR     : 1967
	CORE3_TENSOR_INSTR : 0
	CORE3_TOT_INSTR    : 383307
Core: 4
	CORE4_TOT_CYCLES   : 383537
	CORE4_STALL_CYCLES : 57080
	CORE4_LD_INSTR     : 427
	CORE4_ST_INSTR     : 1989
	CORE4_TENSOR_INSTR : 0
	CORE4_TOT_INSTR    : 383537
Core: 5
	CORE5_TOT_CYCLES   : 385128
	CORE5_STALL_CYCLES : 58708
	CORE5_LD_INSTR     : 390
	CORE5_ST_INSTR     : 1972
	CORE5_TENSOR_INSTR : 0
	CORE5_TOT_INSTR    : 385128
Core: 6
	CORE6_TOT_CYCLES   : 382635
	CORE6_STALL_CYCLES : 56167
	CORE6_LD_INSTR     : 427
	CORE6_ST_INSTR     : 1990
	CORE6_TENSOR_INSTR : 0
	CORE6_TOT_INSTR    : 382635
Core: 7
	CORE7_TOT_CYCLES   : 384800
	CORE7_STALL_CYCLES : 58389
	CORE7_LD_INSTR     : 380
	CORE7_ST_INSTR     : 1974
	CORE7_TENSOR_INSTR : 0
	CORE7_TOT_INSTR    : 384800
========== starting kernel 3 ==========
RAM resp id:36000 m_cycle=387875 req_time=387672 resp_time=203 total_latency=4139239
RAM resp id:37000 m_cycle=394385 req_time=0 resp_time=0 total_latency=4309414
RAM resp id:38000 m_cycle=399337 req_time=399133 resp_time=204 total_latency=4437546
[Cycle: 400000]: mem_requests: 38208, mem_responses: 38160, avg_latency: 116
RAM resp id:39000 m_cycle=403586 req_time=403383 resp_time=203 total_latency=4549197
RAM resp id:40000 m_cycle=407529 req_time=407326 resp_time=203 total_latency=4650900
RAM resp id:41000 m_cycle=411393 req_time=411190 resp_time=203 total_latency=4752400
RAM resp id:42000 m_cycle=415332 req_time=415129 resp_time=203 total_latency=4853900
RAM resp id:43000 m_cycle=419290 req_time=419087 resp_time=203 total_latency=4958445
RAM resp id:44000 m_cycle=423233 req_time=423030 resp_time=203 total_latency=5060148
RAM resp id:45000 m_cycle=427097 req_time=426894 resp_time=203 total_latency=5161648
RAM resp id:46000 m_cycle=431036 req_time=430833 resp_time=203 total_latency=5263148
RAM resp id:47000 m_cycle=434936 req_time=0 resp_time=0 total_latency=5365257
RAM resp id:48000 m_cycle=438833 req_time=438630 resp_time=203 total_latency=5466148
RAM resp id:49000 m_cycle=442745 req_time=442542 resp_time=203 total_latency=5567851
RAM resp id:50000 m_cycle=446636 req_time=446433 resp_time=203 total_latency=5669148
RAM resp id:51000 m_cycle=450587 req_time=450384 resp_time=203 total_latency=5773084
RAM resp id:52000 m_cycle=454537 req_time=454334 resp_time=203 total_latency=5875396
RAM resp id:53000 m_cycle=458449 req_time=458246 resp_time=203 total_latency=5977099
RAM resp id:54000 m_cycle=462340 req_time=462137 resp_time=203 total_latency=6078396
RAM resp id:55000 m_cycle=466250 req_time=466047 resp_time=203 total_latency=6179896
RAM resp id:56000 m_cycle=470190 req_time=469987 resp_time=203 total_latency=6281396
RAM resp id:57000 m_cycle=474050 req_time=473847 resp_time=203 total_latency=6383099
RAM resp id:58000 m_cycle=477987 req_time=477784 resp_time=203 total_latency=6484396
RAM resp id:59000 m_cycle=481893 req_time=0 resp_time=0 total_latency=6586505
RAM resp id:60000 m_cycle=485894 req_time=485691 resp_time=203 total_latency=6690644
RAM resp id:61000 m_cycle=489754 req_time=489551 resp_time=203 total_latency=6792347
RAM resp id:62000 m_cycle=493691 req_time=493488 resp_time=203 total_latency=6893644
RAM resp id:63000 m_cycle=497597 req_time=0 resp_time=0 total_latency=6995753
[Cycle: 500000]: mem_requests: 63673, mem_responses: 63621, avg_latency: 110
RAM resp id:64000 m_cycle=501494 req_time=501291 resp_time=203 total_latency=7096644
RAM resp id:65000 m_cycle=505404 req_time=505201 resp_time=203 total_latency=7198144
RAM resp id:66000 m_cycle=509291 req_time=509088 resp_time=203 total_latency=7299644
RAM resp id:67000 m_cycle=513204 req_time=0 resp_time=0 total_latency=7401347
RAM resp id:68000 m_cycle=517166 req_time=0 resp_time=0 total_latency=7505689
RAM resp id:69000 m_cycle=521108 req_time=520905 resp_time=203 total_latency=7607392
RAM resp id:70000 m_cycle=524995 req_time=524792 resp_time=203 total_latency=7708892
RAM resp id:71000 m_cycle=528908 req_time=0 resp_time=0 total_latency=7810595
RAM resp id:72000 m_cycle=532845 req_time=532642 resp_time=203 total_latency=7911892
RAM resp id:73000 m_cycle=536709 req_time=536506 resp_time=203 total_latency=8013392
RAM resp id:74000 m_cycle=540648 req_time=540445 resp_time=203 total_latency=8114892
RAM resp id:75000 m_cycle=544548 req_time=0 resp_time=0 total_latency=8217001
RAM resp id:76000 m_cycle=548515 req_time=0 resp_time=0 total_latency=8320937
RAM resp id:77000 m_cycle=552413 req_time=552210 resp_time=203 total_latency=8422640
RAM resp id:78000 m_cycle=556352 req_time=556149 resp_time=203 total_latency=8524140
RAM resp id:79000 m_cycle=560252 req_time=0 resp_time=0 total_latency=8626249
RAM resp id:80000 m_cycle=564149 req_time=563946 resp_time=203 total_latency=8727140
RAM resp id:81000 m_cycle=568061 req_time=567858 resp_time=203 total_latency=8828843
RAM resp id:82000 m_cycle=571952 req_time=571749 resp_time=203 total_latency=8930140
RAM resp id:83000 m_cycle=575862 req_time=575659 resp_time=203 total_latency=9031640
RAM resp id:84000 m_cycle=579820 req_time=0 resp_time=0 total_latency=9136185
RAM resp id:85000 m_cycle=583765 req_time=583562 resp_time=203 total_latency=9238091
RAM resp id:86000 m_cycle=587656 req_time=587453 resp_time=203 total_latency=9339388
RAM resp id:87000 m_cycle=591566 req_time=591363 resp_time=203 total_latency=9440888
RAM resp id:88000 m_cycle=595506 req_time=595303 resp_time=203 total_latency=9542388
RAM resp id:89000 m_cycle=599366 req_time=599163 resp_time=203 total_latency=9644091
[Cycle: 600000]: mem_requests: 89208, mem_responses: 89152, avg_latency: 108
RAM resp id:90000 m_cycle=603303 req_time=603100 resp_time=203 total_latency=9745388
RAM resp id:91000 m_cycle=607209 req_time=0 resp_time=0 total_latency=9847497
RAM resp id:92000 m_cycle=611105 req_time=610902 resp_time=203 total_latency=9948388
RAM resp id:93000 m_cycle=615070 req_time=614867 resp_time=203 total_latency=10053339
RAM resp id:94000 m_cycle=619007 req_time=618804 resp_time=203 total_latency=10154636
RAM resp id:95000 m_cycle=622913 req_time=0 resp_time=0 total_latency=10256745
RAM resp id:96000 m_cycle=626810 req_time=626607 resp_time=203 total_latency=10357636
RAM resp id:97000 m_cycle=630720 req_time=630517 resp_time=203 total_latency=10459136
RAM resp id:98000 m_cycle=634607 req_time=634404 resp_time=203 total_latency=10560636
RAM resp id:99000 m_cycle=638520 req_time=0 resp_time=0 total_latency=10662339
RAM resp id:100000 m_cycle=642457 req_time=642254 resp_time=203 total_latency=10763636
core 0 retired
core 1 retired
core 2 retired
core 3 retired
core 4 retired
core 5 retired
core 6 retired
core 7 retired
========== kernel 3 summary ==========
Core: 0
	CORE0_TOT_CYCLES   : 643115
	CORE0_STALL_CYCLES : 123418
	CORE0_LD_INSTR     : 4132
	CORE0_ST_INSTR     : 0
	CORE0_TENSOR_INSTR : 0
	CORE0_TOT_INSTR    : 643115
Core: 1
	CORE1_TOT_CYCLES   : 643118
	CORE1_STALL_CYCLES : 122094
	CORE1_LD_INSTR     : 4132
	CORE1_ST_INSTR     : 0
	CORE1_TENSOR_INSTR : 0
	CORE1_TOT_INSTR    : 643118
Core: 2
	CORE2_TOT_CYCLES   : 643121
	CORE2_STALL_CYCLES : 121287
	CORE2_LD_INSTR     : 4132
	CORE2_ST_INSTR     : 0
	CORE2_TENSOR_INSTR : 0
	CORE2_TOT_INSTR    : 643121
Core: 3
	CORE3_TOT_CYCLES   : 643124
	CORE3_STALL_CYCLES : 122361
	CORE3_LD_INSTR     : 4132
	CORE3_ST_INSTR     : 0
	CORE3_TENSOR_INSTR : 0
	CORE3_TOT_INSTR    : 643124
Core: 4
	CORE4_TOT_CYCLES   : 643126
	CORE4_STALL_CYCLES : 122529
	CORE4_LD_INSTR     : 4132
	CORE4_ST_INSTR     : 0
	CORE4_TENSOR_INSTR : 0
	CORE4_TOT_INSTR    : 643126
Core: 5
	CORE5_TOT_CYCLES   : 643128
	CORE5_STALL_CYCLES : 124159
	CORE5_LD_INSTR     : 4132
	CORE5_ST_INSTR     : 0
	CORE5_TENSOR_INSTR : 0
	CORE5_TOT_INSTR    : 643128
Core: 6
	CORE6_TOT_CYCLES   : 643130
	CORE6_STALL_CYCLES : 121620
	CORE6_LD_INSTR     : 4132
	CORE6_ST_INSTR     : 0
	CORE6_TENSOR_INSTR : 0
	CORE6_TOT_INSTR    : 643130
Core: 7
	CORE7_TOT_CYCLES   : 643133
	CORE7_STALL_CYCLES : 123845
	CORE7_LD_INSTR     : 4132
	CORE7_ST_INSTR     : 0
	CORE7_TENSOR_INSTR : 0
	CORE7_TOT_INSTR    : 643133
========== starting kernel 4 ==========
RAM resp id:101000 m_cycle=648251 req_time=0 resp_time=0 total_latency=10927012
RAM resp id:102000 m_cycle=652756 req_time=652553 resp_time=203 total_latency=11061000
RAM resp id:103000 m_cycle=657570 req_time=0 resp_time=0 total_latency=11198837
RAM resp id:104000 m_cycle=662080 req_time=661877 resp_time=203 total_latency=11332208
RAM resp id:105000 m_cycle=666754 req_time=666551 resp_time=203 total_latency=11468624
RAM resp id:106000 m_cycle=671404 req_time=671201 resp_time=203 total_latency=11603416
RAM resp id:107000 m_cycle=676057 req_time=675854 resp_time=203 total_latency=11738208
RAM resp id:108000 m_cycle=680728 req_time=680525 resp_time=203 total_latency=11874624
RAM resp id:109000 m_cycle=685228 req_time=685025 resp_time=203 total_latency=12008604
RAM resp id:110000 m_cycle=689915 req_time=689712 resp_time=203 total_latency=12145832
RAM resp id:111000 m_cycle=694552 req_time=694349 resp_time=203 total_latency=12279812
RAM resp id:112000 m_cycle=699218 req_time=699015 resp_time=203 total_latency=12415416
[Cycle: 700000]: mem_requests: 112216, mem_responses: 112184, avg_latency: 110
RAM resp id:113000 m_cycle=703876 req_time=703673 resp_time=203 total_latency=12551020
RAM resp id:114000 m_cycle=708381 req_time=708178 resp_time=203 total_latency=12685000
RAM resp id:115000 m_cycle=713195 req_time=0 resp_time=0 total_latency=12822837
RAM resp id:116000 m_cycle=717705 req_time=717502 resp_time=203 total_latency=12956208
RAM resp id:117000 m_cycle=722379 req_time=722176 resp_time=203 total_latency=13092624
RAM resp id:118000 m_cycle=727029 req_time=726826 resp_time=203 total_latency=13227416
RAM resp id:119000 m_cycle=731682 req_time=731479 resp_time=203 total_latency=13362208
RAM resp id:120000 m_cycle=736353 req_time=736150 resp_time=203 total_latency=13498624
RAM resp id:121000 m_cycle=740853 req_time=740650 resp_time=203 total_latency=13632604
RAM resp id:122000 m_cycle=745540 req_time=745337 resp_time=203 total_latency=13769832
RAM resp id:123000 m_cycle=750177 req_time=749974 resp_time=203 total_latency=13903812
RAM resp id:124000 m_cycle=754843 req_time=754640 resp_time=203 total_latency=14039416
core 0 retired
core 1 retired
core 2 retired
core 3 retired
core 4 retired
core 5 retired
core 6 retired
core 7 retired
========== kernel 4 summary ==========
Core: 0
	CORE0_TOT_CYCLES   : 757117
	CORE0_STALL_CYCLES : 197465
	CORE0_LD_INSTR     : 1024
	CORE0_ST_INSTR     : 1024
	CORE0_TENSOR_INSTR : 0
	CORE0_TOT_INSTR    : 757117
Core: 1
	CORE1_TOT_CYCLES   : 757118
	CORE1_STALL_CYCLES : 196142
	CORE1_LD_INSTR     : 1024
	CORE1_ST_INSTR     : 1024
	CORE1_TENSOR_INSTR : 0
	CORE1_TOT_INSTR    : 757118
Core: 2
	CORE2_TOT_CYCLES   : 757119
	CORE2_STALL_CYCLES : 195336
	CORE2_LD_INSTR     : 1024
	CORE2_ST_INSTR     : 1024
	CORE2_TENSOR_INSTR : 0
	CORE2_TOT_INSTR    : 757119
Core: 3
	CORE3_TOT_CYCLES   : 757120
	CORE3_STALL_CYCLES : 196411
	CORE3_LD_INSTR     : 1024
	CORE3_ST_INSTR     : 1024
	CORE3_TENSOR_INSTR : 0
	CORE3_TOT_INSTR    : 757120
Core: 4
	CORE4_TOT_CYCLES   : 757125
	CORE4_STALL_CYCLES : 196584
	CORE4_LD_INSTR     : 1024
	CORE4_ST_INSTR     : 1024
	CORE4_TENSOR_INSTR : 0
	CORE4_TOT_INSTR    : 757125
Core: 5
	CORE5_TOT_CYCLES   : 757126
	CORE5_STALL_CYCLES : 198215
	CORE5_LD_INSTR     : 1024
	CORE5_ST_INSTR     : 1024
	CORE5_TENSOR_INSTR : 0
	CORE5_TOT_INSTR    : 757126
Core: 6
	CORE6_TOT_CYCLES   : 757128
	CORE6_STALL_CYCLES : 195678
	CORE6_LD_INSTR     : 1024
	CORE6_ST_INSTR     : 1024
	CORE6_TENSOR_INSTR : 0
	CORE6_TOT_INSTR    : 757128
Core: 7
	CORE7_TOT_CYCLES   : 757131
	CORE7_STALL_CYCLES : 197906
	CORE7_LD_INSTR     : 1024
	CORE7_ST_INSTR     : 1024
	CORE7_TENSOR_INSTR : 0
	CORE7_TOT_INSTR    : 757131
========== starting kernel 5 ==========
RAM resp id:125000 m_cycle=764228 req_time=764025 resp_time=203 total_latency=14202785
RAM resp id:126000 m_cycle=773821 req_time=773618 resp_time=203 total_latency=14336797
RAM resp id:127000 m_cycle=783009 req_time=782806 resp_time=203 total_latency=14463072
RAM resp id:128000 m_cycle=792295 req_time=0 resp_time=0 total_latency=14589768
[Cycle: 800000]: mem_requests: 128849, mem_responses: 128834, avg_latency: 114
RAM resp id:129000 m_cycle=801515 req_time=801312 resp_time=203 total_latency=14717130
RAM resp id:130000 m_cycle=810595 req_time=810392 resp_time=203 total_latency=14844312
RAM resp id:131000 m_cycle=819732 req_time=819529 resp_time=203 total_latency=14971625
RAM resp id:132000 m_cycle=828918 req_time=828715 resp_time=203 total_latency=15098354
RAM resp id:133000 m_cycle=838187 req_time=837984 resp_time=203 total_latency=15225324
RAM resp id:134000 m_cycle=847376 req_time=0 resp_time=0 total_latency=15352689
RAM resp id:135000 m_cycle=856607 req_time=856404 resp_time=203 total_latency=15479460
RAM resp id:136000 m_cycle=865702 req_time=865499 resp_time=203 total_latency=15607024
RAM resp id:137000 m_cycle=874720 req_time=874517 resp_time=203 total_latency=15733541
RAM resp id:138000 m_cycle=883975 req_time=0 resp_time=0 total_latency=15859844
RAM resp id:139000 m_cycle=893231 req_time=893028 resp_time=203 total_latency=15986988
[Cycle: 900000]: mem_requests: 139763, mem_responses: 139739, avg_latency: 115
RAM resp id:140000 m_cycle=902459 req_time=902256 resp_time=203 total_latency=16114094
RAM resp id:141000 m_cycle=911500 req_time=0 resp_time=0 total_latency=16240591
RAM resp id:142000 m_cycle=920632 req_time=920429 resp_time=203 total_latency=16367892
RAM resp id:143000 m_cycle=929857 req_time=929654 resp_time=203 total_latency=16494577
RAM resp id:144000 m_cycle=939106 req_time=0 resp_time=0 total_latency=16621260
RAM resp id:145000 m_cycle=948354 req_time=0 resp_time=0 total_latency=16748772
RAM resp id:146000 m_cycle=957484 req_time=957281 resp_time=203 total_latency=16875461
RAM resp id:147000 m_cycle=966460 req_time=966257 resp_time=203 total_latency=17001937
RAM resp id:148000 m_cycle=975678 req_time=0 resp_time=0 total_latency=17128431
RAM resp id:149000 m_cycle=984966 req_time=984763 resp_time=203 total_latency=17255137
RAM resp id:150000 m_cycle=994212 req_time=994009 resp_time=203 total_latency=17382445
[Cycle: 1000000]: mem_requests: 150660, mem_responses: 150637, avg_latency: 115
RAM resp id:151000 m_cycle=1003345 req_time=1003142 resp_time=203 total_latency=17509339
RAM resp id:152000 m_cycle=1012380 req_time=1012177 resp_time=203 total_latency=17635840
RAM resp id:153000 m_cycle=1021551 req_time=1021348 resp_time=203 total_latency=17762746
RAM resp id:154000 m_cycle=1030777 req_time=1030574 resp_time=203 total_latency=17888830
RAM resp id:155000 m_cycle=1039954 req_time=1039751 resp_time=203 total_latency=18015514
RAM resp id:156000 m_cycle=1049139 req_time=1048936 resp_time=203 total_latency=18142627
core 3 retired
core 0 retired
core 1 retired
core 4 retired
core 6 retired
core 7 retired
RAM resp id:157000 m_cycle=1058252 req_time=0 resp_time=0 total_latency=18269321
core 5 retired
core 2 retired
========== kernel 5 summary ==========
Core: 0
	CORE0_TOT_CYCLES   : 1057978
	CORE0_STALL_CYCLES : 228338
	CORE0_LD_INSTR     : 1024
	CORE0_ST_INSTR     : 1537
	CORE0_TENSOR_INSTR : 0
	CORE0_TOT_INSTR    : 1057978
Core: 1
	CORE1_TOT_CYCLES   : 1058017
	CORE1_STALL_CYCLES : 226946
	CORE1_LD_INSTR     : 1024
	CORE1_ST_INSTR     : 1537
	CORE1_TENSOR_INSTR : 0
	CORE1_TOT_INSTR    : 1058017
Core: 2
	CORE2_TOT_CYCLES   : 1058339
	CORE2_STALL_CYCLES : 226591
	CORE2_LD_INSTR     : 1024
	CORE2_ST_INSTR     : 1537
	CORE2_TENSOR_INSTR : 0
	CORE2_TOT_INSTR    : 1058339
Core: 3
	CORE3_TOT_CYCLES   : 1057976
	CORE3_STALL_CYCLES : 227141
	CORE3_LD_INSTR     : 1024
	CORE3_ST_INSTR     : 1537
	CORE3_TENSOR_INSTR : 0
	CORE3_TOT_INSTR    : 1057976
Core: 4
	CORE4_TOT_CYCLES   : 1058119
	CORE4_STALL_CYCLES : 227710
	CORE4_LD_INSTR     : 1024
	CORE4_ST_INSTR     : 1537
	CORE4_TENSOR_INSTR : 0
	CORE4_TOT_INSTR    : 1058119
Core: 5
	CORE5_TOT_CYCLES   : 1058328
	CORE5_STALL_CYCLES : 229478
	CORE5_LD_INSTR     : 1024
	CORE5_ST_INSTR     : 1537
	CORE5_TENSOR_INSTR : 0
	CORE5_TOT_INSTR    : 1058328
Core: 6
	CORE6_TOT_CYCLES   : 1058151
	CORE6_STALL_CYCLES : 226730
	CORE6_LD_INSTR     : 1024
	CORE6_ST_INSTR     : 1537
	CORE6_TENSOR_INSTR : 0
	CORE6_TOT_INSTR    : 1058151
Core: 7
	CORE7_TOT_CYCLES   : 1058221
	CORE7_STALL_CYCLES : 229070
	CORE7_LD_INSTR     : 1024
	CORE7_ST_INSTR     : 1537
	CORE7_TENSOR_INSTR : 0
	CORE7_TOT_INSTR    : 1058221
========== starting kernel 6 ==========
RAM resp id:158000 m_cycle=1065346 req_time=1065143 resp_time=203 total_latency=18471739
RAM resp id:159000 m_cycle=1072300 req_time=0 resp_time=0 total_latency=18666252
core 4 retired
core 2 retired
core 7 retired
core 1 retired
RAM resp id:160000 m_cycle=1079190 req_time=0 resp_time=0 total_latency=18832362
core 0 retired
core 6 retired
core 3 retired
core 5 retired
========== kernel 6 summary ==========
Core: 0
	CORE0_TOT_CYCLES   : 1080936
	CORE0_STALL_CYCLES : 245314
	CORE0_LD_INSTR     : 335
	CORE0_ST_INSTR     : 63
	CORE0_TENSOR_INSTR : 0
	CORE0_TOT_INSTR    : 1080936
Core: 1
	CORE1_TOT_CYCLES   : 1077532
	CORE1_STALL_CYCLES : 240592
	CORE1_LD_INSTR     : 260
	CORE1_ST_INSTR     : 64
	CORE1_TENSOR_INSTR : 0
	CORE1_TOT_INSTR    : 1077532
Core: 2
	CORE2_TOT_CYCLES   : 1077334
	CORE2_STALL_CYCLES : 240038
	CORE2_LD_INSTR     : 262
	CORE2_ST_INSTR     : 63
	CORE2_TENSOR_INSTR : 0
	CORE2_TOT_INSTR    : 1077334
Core: 3
	CORE3_TOT_CYCLES   : 1081128
	CORE3_STALL_CYCLES : 244308
	CORE3_LD_INSTR     : 338
	CORE3_ST_INSTR     : 61
	CORE3_TENSOR_INSTR : 0
	CORE3_TOT_INSTR    : 1081128
Core: 4
	CORE4_TOT_CYCLES   : 1077305
	CORE4_STALL_CYCLES : 241131
	CORE4_LD_INSTR     : 262
	CORE4_ST_INSTR     : 60
	CORE4_TENSOR_INSTR : 0
	CORE4_TOT_INSTR    : 1077305
Core: 5
	CORE5_TOT_CYCLES   : 1081286
	CORE5_STALL_CYCLES : 246801
	CORE5_LD_INSTR     : 338
	CORE5_ST_INSTR     : 63
	CORE5_TENSOR_INSTR : 0
	CORE5_TOT_INSTR    : 1081286
Core: 6
	CORE6_TOT_CYCLES   : 1081052
	CORE6_STALL_CYCLES : 243821
	CORE6_LD_INSTR     : 337
	CORE6_ST_INSTR     : 62
	CORE6_TENSOR_INSTR : 0
	CORE6_TOT_INSTR    : 1081052
Core: 7
	CORE7_TOT_CYCLES   : 1077389
	CORE7_STALL_CYCLES : 242573
	CORE7_LD_INSTR     : 262
	CORE7_ST_INSTR     : 62
	CORE7_TENSOR_INSTR : 0
	CORE7_TOT_INSTR    : 1077389
========== starting kernel 7 ==========
RAM resp id:161000 m_cycle=1092045 req_time=1091842 resp_time=203 total_latency=19031941
[Cycle: 1100000]: mem_requests: 161233, mem_responses: 161217, avg_latency: 118
RAM resp id:162000 m_cycle=1107736 req_time=1107532 resp_time=204 total_latency=19183322
RAM resp id:163000 m_cycle=1123906 req_time=0 resp_time=0 total_latency=19337639
RAM resp id:164000 m_cycle=1142275 req_time=0 resp_time=0 total_latency=19508794
RAM resp id:165000 m_cycle=1160268 req_time=1160065 resp_time=203 total_latency=19670004
RAM resp id:166000 m_cycle=1177885 req_time=0 resp_time=0 total_latency=19834859
RAM resp id:167000 m_cycle=1191470 req_time=1191267 resp_time=203 total_latency=19987528
[Cycle: 1200000]: mem_requests: 167560, mem_responses: 167535, avg_latency: 119
RAM resp id:168000 m_cycle=1208824 req_time=1208621 resp_time=203 total_latency=20137773
RAM resp id:169000 m_cycle=1229140 req_time=1228936 resp_time=204 total_latency=20288013
RAM resp id:170000 m_cycle=1247007 req_time=1246804 resp_time=203 total_latency=20437043
RAM resp id:171000 m_cycle=1262609 req_time=1262406 resp_time=203 total_latency=20586474
RAM resp id:172000 m_cycle=1283115 req_time=1282912 resp_time=203 total_latency=20735694
[Cycle: 1300000]: mem_requests: 172956, mem_responses: 172949, avg_latency: 120
RAM resp id:173000 m_cycle=1301259 req_time=0 resp_time=0 total_latency=20883288
RAM resp id:174000 m_cycle=1320809 req_time=1320606 resp_time=203 total_latency=21026822
RAM resp id:175000 m_cycle=1339441 req_time=1339238 resp_time=203 total_latency=21171782
RAM resp id:176000 m_cycle=1358124 req_time=1357921 resp_time=203 total_latency=21320805
RAM resp id:177000 m_cycle=1376670 req_time=1376467 resp_time=203 total_latency=21467796
RAM resp id:178000 m_cycle=1395221 req_time=1395018 resp_time=203 total_latency=21618838
[Cycle: 1400000]: mem_requests: 178299, mem_responses: 178295, avg_latency: 121
RAM resp id:179000 m_cycle=1413721 req_time=1413518 resp_time=203 total_latency=21764409
RAM resp id:180000 m_cycle=1433146 req_time=1432943 resp_time=203 total_latency=21911601
RAM resp id:181000 m_cycle=1451827 req_time=1451624 resp_time=203 total_latency=22055139
RAM resp id:182000 m_cycle=1470106 req_time=1469903 resp_time=203 total_latency=22206597
RAM resp id:183000 m_cycle=1487929 req_time=0 resp_time=0 total_latency=22358660
[Cycle: 1500000]: mem_requests: 183622, mem_responses: 183610, avg_latency: 122
RAM resp id:184000 m_cycle=1506060 req_time=1505857 resp_time=203 total_latency=22516197
RAM resp id:185000 m_cycle=1523541 req_time=1523338 resp_time=203 total_latency=22671508
RAM resp id:186000 m_cycle=1540506 req_time=1540303 resp_time=203 total_latency=22829258
RAM resp id:187000 m_cycle=1557878 req_time=0 resp_time=0 total_latency=22984984
RAM resp id:188000 m_cycle=1574437 req_time=0 resp_time=0 total_latency=23139075
RAM resp id:189000 m_cycle=1592333 req_time=1592130 resp_time=203 total_latency=23292355
[Cycle: 1600000]: mem_requests: 189474, mem_responses: 189460, avg_latency: 123
RAM resp id:190000 m_cycle=1611252 req_time=1611049 resp_time=203 total_latency=23442383
RAM resp id:191000 m_cycle=1630556 req_time=1630353 resp_time=203 total_latency=23591195
RAM resp id:192000 m_cycle=1649064 req_time=1648861 resp_time=203 total_latency=23734531
RAM resp id:193000 m_cycle=1670004 req_time=0 resp_time=0 total_latency=23881723
core 0 retired
core 7 retired
core 3 retired
core 2 retired
core 4 retired
core 6 retired
core 5 retired
core 1 retired
========== kernel 7 summary ==========
Core: 0
	CORE0_TOT_CYCLES   : 1670941
	CORE0_STALL_CYCLES : 296646
	CORE0_LD_INSTR     : 1970
	CORE0_ST_INSTR     : 1040
	CORE0_TENSOR_INSTR : 0
	CORE0_TOT_INSTR    : 1670941
Core: 1
	CORE1_TOT_CYCLES   : 1687206
	CORE1_STALL_CYCLES : 307863
	CORE1_LD_INSTR     : 2292
	CORE1_ST_INSTR     : 1044
	CORE1_TENSOR_INSTR : 0
	CORE1_TOT_INSTR    : 1687206
Core: 2
	CORE2_TOT_CYCLES   : 1673229
	CORE2_STALL_CYCLES : 293628
	CORE2_LD_INSTR     : 1997
	CORE2_ST_INSTR     : 1043
	CORE2_TENSOR_INSTR : 0
	CORE2_TOT_INSTR    : 1673229
Core: 3
	CORE3_TOT_CYCLES   : 1673154
	CORE3_STALL_CYCLES : 297801
	CORE3_LD_INSTR     : 2028
	CORE3_ST_INSTR     : 1034
	CORE3_TENSOR_INSTR : 0
	CORE3_TOT_INSTR    : 1673154
Core: 4
	CORE4_TOT_CYCLES   : 1674667
	CORE4_STALL_CYCLES : 296093
	CORE4_LD_INSTR     : 2062
	CORE4_ST_INSTR     : 1044
	CORE4_TENSOR_INSTR : 0
	CORE4_TOT_INSTR    : 1674667
Core: 5
	CORE5_TOT_CYCLES   : 1679670
	CORE5_STALL_CYCLES : 306667
	CORE5_LD_INSTR     : 2166
	CORE5_ST_INSTR     : 1039
	CORE5_TENSOR_INSTR : 0
	CORE5_TOT_INSTR    : 1679670
Core: 6
	CORE6_TOT_CYCLES   : 1676849
	CORE6_STALL_CYCLES : 300988
	CORE6_LD_INSTR     : 2039
	CORE6_ST_INSTR     : 1044
	CORE6_TENSOR_INSTR : 0
	CORE6_TOT_INSTR    : 1676849
Core: 7
	CORE7_TOT_CYCLES   : 1672919
	CORE7_STALL_CYCLES : 295820
	CORE7_LD_INSTR     : 2038
	CORE7_ST_INSTR     : 1035
	CORE7_TENSOR_INSTR : 0
	CORE7_TOT_INSTR    : 1672919
========== starting kernel 8 ==========
RAM resp id:194000 m_cycle=1692709 req_time=1692506 resp_time=203 total_latency=24056251
RAM resp id:195000 m_cycle=1698464 req_time=1698261 resp_time=203 total_latency=24207304
[Cycle: 1700000]: mem_requests: 195333, mem_responses: 195293, avg_latency: 124
RAM resp id:196000 m_cycle=1703280 req_time=0 resp_time=0 total_latency=24333186
RAM resp id:197000 m_cycle=1707378 req_time=1707175 resp_time=203 total_latency=24441588
RAM resp id:198000 m_cycle=1711285 req_time=0 resp_time=0 total_latency=24543088
RAM resp id:199000 m_cycle=1715243 req_time=0 resp_time=0 total_latency=24647024
RAM resp id:200000 m_cycle=1719188 req_time=0 resp_time=0 total_latency=24748930
RAM resp id:201000 m_cycle=1723148 req_time=0 resp_time=0 total_latency=24853272
RAM resp id:202000 m_cycle=1727089 req_time=0 resp_time=0 total_latency=24955584
RAM resp id:203000 m_cycle=1731049 req_time=0 resp_time=0 total_latency=25059520
RAM resp id:204000 m_cycle=1734948 req_time=1734745 resp_time=203 total_latency=25161832
RAM resp id:205000 m_cycle=1738906 req_time=0 resp_time=0 total_latency=25265768
RAM resp id:206000 m_cycle=1742851 req_time=1742648 resp_time=203 total_latency=25367877
RAM resp id:207000 m_cycle=1746812 req_time=0 resp_time=0 total_latency=25472016
RAM resp id:208000 m_cycle=1750753 req_time=0 resp_time=0 total_latency=25574125
RAM resp id:209000 m_cycle=1754712 req_time=0 resp_time=0 total_latency=25678264
RAM resp id:210000 m_cycle=1758652 req_time=0 resp_time=0 total_latency=25780576
RAM resp id:211000 m_cycle=1762609 req_time=0 resp_time=0 total_latency=25884512
RAM resp id:212000 m_cycle=1766514 req_time=0 resp_time=0 total_latency=25986418
RAM resp id:213000 m_cycle=1770468 req_time=1770265 resp_time=203 total_latency=26090760
RAM resp id:214000 m_cycle=1774417 req_time=0 resp_time=0 total_latency=26193072
RAM resp id:215000 m_cycle=1778319 req_time=1778116 resp_time=203 total_latency=26294978
RAM resp id:216000 m_cycle=1782320 req_time=0 resp_time=0 total_latency=26398914
RAM resp id:217000 m_cycle=1786214 req_time=1786011 resp_time=203 total_latency=26500820
RAM resp id:218000 m_cycle=1790221 req_time=0 resp_time=0 total_latency=26605568
RAM resp id:219000 m_cycle=1794116 req_time=0 resp_time=0 total_latency=26706662
RAM resp id:220000 m_cycle=1798080 req_time=1797877 resp_time=203 total_latency=26811816
[Cycle: 1800000]: mem_requests: 220533, mem_responses: 220485, avg_latency: 121
RAM resp id:221000 m_cycle=1802019 req_time=1801816 resp_time=203 total_latency=26913316
RAM resp id:222000 m_cycle=1805983 req_time=1805780 resp_time=203 total_latency=27017861
RAM resp id:223000 m_cycle=1809923 req_time=0 resp_time=0 total_latency=27119158
RAM resp id:224000 m_cycle=1813882 req_time=1813679 resp_time=203 total_latency=27223906
RAM resp id:225000 m_cycle=1817783 req_time=1817580 resp_time=203 total_latency=27325812
core 0 retired
core 1 retired
core 2 retired
core 3 retired
core 4 retired
core 5 retired
core 6 retired
core 7 retired
========== kernel 8 summary ==========
Core: 0
	CORE0_TOT_CYCLES   : 1819029
	CORE0_STALL_CYCLES : 332140
	CORE0_LD_INSTR     : 2120
	CORE0_ST_INSTR     : 0
	CORE0_TENSOR_INSTR : 0
	CORE0_TOT_INSTR    : 1819029
Core: 1
	CORE1_TOT_CYCLES   : 1819032
	CORE1_STALL_CYCLES : 343360
	CORE1_LD_INSTR     : 2120
	CORE1_ST_INSTR     : 0
	CORE1_TENSOR_INSTR : 0
	CORE1_TOT_INSTR    : 1819032
Core: 2
	CORE2_TOT_CYCLES   : 1819035
	CORE2_STALL_CYCLES : 329128
	CORE2_LD_INSTR     : 2120
	CORE2_ST_INSTR     : 0
	CORE2_TENSOR_INSTR : 0
	CORE2_TOT_INSTR    : 1819035
Core: 3
	CORE3_TOT_CYCLES   : 1819038
	CORE3_STALL_CYCLES : 333304
	CORE3_LD_INSTR     : 2120
	CORE3_ST_INSTR     : 0
	CORE3_TENSOR_INSTR : 0
	CORE3_TOT_INSTR    : 1819038
Core: 4
	CORE4_TOT_CYCLES   : 1819040
	CORE4_STALL_CYCLES : 331598
	CORE4_LD_INSTR     : 2120
	CORE4_ST_INSTR     : 0
	CORE4_TENSOR_INSTR : 0
	CORE4_TOT_INSTR    : 1819040
Core: 5
	CORE5_TOT_CYCLES   : 1819042
	CORE5_STALL_CYCLES : 342174
	CORE5_LD_INSTR     : 2120
	CORE5_ST_INSTR     : 0
	CORE5_TENSOR_INSTR : 0
	CORE5_TOT_INSTR    : 1819042
Core: 6
	CORE6_TOT_CYCLES   : 1819044
	CORE6_STALL_CYCLES : 336497
	CORE6_LD_INSTR     : 2120
	CORE6_ST_INSTR     : 0
	CORE6_TENSOR_INSTR : 0
	CORE6_TOT_INSTR    : 1819044
Core: 7
	CORE7_TOT_CYCLES   : 1819046
	CORE7_STALL_CYCLES : 331331
	CORE7_LD_INSTR     : 2120
	CORE7_ST_INSTR     : 0
	CORE7_TENSOR_INSTR : 0
	CORE7_TOT_INSTR    : 1819046
========== starting kernel 9 ==========
RAM resp id:226000 m_cycle=1823493 req_time=1823290 resp_time=203 total_latency=27483482
RAM resp id:227000 m_cycle=1828164 req_time=1827961 resp_time=203 total_latency=27619928
RAM resp id:228000 m_cycle=1832665 req_time=0 resp_time=0 total_latency=27753705
RAM resp id:229000 m_cycle=1837351 req_time=1837148 resp_time=203 total_latency=27891136
RAM resp id:230000 m_cycle=1841989 req_time=0 resp_time=0 total_latency=28024913
RAM resp id:231000 m_cycle=1846654 req_time=1846451 resp_time=203 total_latency=28160720
RAM resp id:232000 m_cycle=1851313 req_time=0 resp_time=0 total_latency=28296121
RAM resp id:233000 m_cycle=1855817 req_time=1855614 resp_time=203 total_latency=28430304
RAM resp id:234000 m_cycle=1860631 req_time=0 resp_time=0 total_latency=28567532
RAM resp id:235000 m_cycle=1865141 req_time=1864938 resp_time=203 total_latency=28701512
RAM resp id:236000 m_cycle=1869815 req_time=1869612 resp_time=203 total_latency=28837928
RAM resp id:237000 m_cycle=1874465 req_time=1874262 resp_time=203 total_latency=28972720
core 0 retired
core 1 retired
core 2 retired
core 3 retired
core 4 retired
core 5 retired
core 6 retired
core 7 retired
========== kernel 9 summary ==========
Core: 0
	CORE0_TOT_CYCLES   : 1876070
	CORE0_STALL_CYCLES : 369195
	CORE0_LD_INSTR     : 512
	CORE0_ST_INSTR     : 512
	CORE0_TENSOR_INSTR : 0
	CORE0_TOT_INSTR    : 1876070
Core: 1
	CORE1_TOT_CYCLES   : 1876071
	CORE1_STALL_CYCLES : 380416
	CORE1_LD_INSTR     : 512
	CORE1_ST_INSTR     : 512
	CORE1_TENSOR_INSTR : 0
	CORE1_TOT_INSTR    : 1876071
Core: 2
	CORE2_TOT_CYCLES   : 1876072
	CORE2_STALL_CYCLES : 366185
	CORE2_LD_INSTR     : 512
	CORE2_ST_INSTR     : 512
	CORE2_TENSOR_INSTR : 0
	CORE2_TOT_INSTR    : 1876072
Core: 3
	CORE3_TOT_CYCLES   : 1876073
	CORE3_STALL_CYCLES : 370362
	CORE3_LD_INSTR     : 512
	CORE3_ST_INSTR     : 512
	CORE3_TENSOR_INSTR : 0
	CORE3_TOT_INSTR    : 1876073
Core: 4
	CORE4_TOT_CYCLES   : 1876078
	CORE4_STALL_CYCLES : 368661
	CORE4_LD_INSTR     : 512
	CORE4_ST_INSTR     : 512
	CORE4_TENSOR_INSTR : 0
	CORE4_TOT_INSTR    : 1876078
Core: 5
	CORE5_TOT_CYCLES   : 1876079
	CORE5_STALL_CYCLES : 379238
	CORE5_LD_INSTR     : 512
	CORE5_ST_INSTR     : 512
	CORE5_TENSOR_INSTR : 0
	CORE5_TOT_INSTR    : 1876079
Core: 6
	CORE6_TOT_CYCLES   : 1876081
	CORE6_STALL_CYCLES : 373563
	CORE6_LD_INSTR     : 512
	CORE6_ST_INSTR     : 512
	CORE6_TENSOR_INSTR : 0
	CORE6_TOT_INSTR    : 1876081
Core: 7
	CORE7_TOT_CYCLES   : 1876084
	CORE7_STALL_CYCLES : 368400
	CORE7_LD_INSTR     : 512
	CORE7_ST_INSTR     : 512
	CORE7_TENSOR_INSTR : 0
	CORE7_TOT_INSTR    : 1876084
========== starting kernel 10 ==========
RAM resp id:238000 m_cycle=1885000 req_time=1884797 resp_time=203 total_latency=29139309
RAM resp id:239000 m_cycle=1894363 req_time=0 resp_time=0 total_latency=29267614
[Cycle: 1900000]: mem_requests: 239616, mem_responses: 239597, avg_latency: 122
RAM resp id:240000 m_cycle=1903651 req_time=1903448 resp_time=203 total_latency=29394512
RAM resp id:241000 m_cycle=1912983 req_time=1912780 resp_time=203 total_latency=29521598
RAM resp id:242000 m_cycle=1922346 req_time=1922143 resp_time=203 total_latency=29648092
RAM resp id:243000 m_cycle=1931619 req_time=0 resp_time=0 total_latency=29775188
RAM resp id:244000 m_cycle=1940930 req_time=1940727 resp_time=203 total_latency=29902285
RAM resp id:245000 m_cycle=1950307 req_time=1950104 resp_time=203 total_latency=30029798
RAM resp id:246000 m_cycle=1959612 req_time=1959409 resp_time=203 total_latency=30156689
RAM resp id:247000 m_cycle=1969010 req_time=1968807 resp_time=203 total_latency=30283183
RAM resp id:248000 m_cycle=1978361 req_time=1978158 resp_time=203 total_latency=30409675
RAM resp id:249000 m_cycle=1987738 req_time=0 resp_time=0 total_latency=30537169
RAM resp id:250000 m_cycle=1996912 req_time=0 resp_time=0 total_latency=30664057
[Cycle: 2000000]: mem_requests: 250360, mem_responses: 250334, avg_latency: 122
RAM resp id:251000 m_cycle=2006233 req_time=2006030 resp_time=203 total_latency=30790779
RAM resp id:252000 m_cycle=2015558 req_time=2015355 resp_time=203 total_latency=30918273
RAM resp id:253000 m_cycle=2024865 req_time=2024662 resp_time=203 total_latency=31045783
core 3 retired
core 1 retired
core 0 retired
core 2 retired
core 4 retired
core 7 retired
core 5 retired
core 6 retired
========== kernel 10 summary ==========
Core: 0
	CORE0_TOT_CYCLES   : 2028629
	CORE0_STALL_CYCLES : 384881
	CORE0_LD_INSTR     : 512
	CORE0_ST_INSTR     : 769
	CORE0_TENSOR_INSTR : 0
	CORE0_TOT_INSTR    : 2028629
Core: 1
	CORE1_TOT_CYCLES   : 2028594
	CORE1_STALL_CYCLES : 395940
	CORE1_LD_INSTR     : 512
	CORE1_ST_INSTR     : 769
	CORE1_TENSOR_INSTR : 0
	CORE1_TOT_INSTR    : 2028594
Core: 2
	CORE2_TOT_CYCLES   : 2028825
	CORE2_STALL_CYCLES : 382038
	CORE2_LD_INSTR     : 512
	CORE2_ST_INSTR     : 769
	CORE2_TENSOR_INSTR : 0
	CORE2_TOT_INSTR    : 2028825
Core: 3
	CORE3_TOT_CYCLES   : 2028550
	CORE3_STALL_CYCLES : 385784
	CORE3_LD_INSTR     : 512
	CORE3_ST_INSTR     : 769
	CORE3_TENSOR_INSTR : 0
	CORE3_TOT_INSTR    : 2028550
Core: 4
	CORE4_TOT_CYCLES   : 2029154
	CORE4_STALL_CYCLES : 384935
	CORE4_LD_INSTR     : 512
	CORE4_ST_INSTR     : 769
	CORE4_TENSOR_INSTR : 0
	CORE4_TOT_INSTR    : 2029154
Core: 5
	CORE5_TOT_CYCLES   : 2029401
	CORE5_STALL_CYCLES : 395849
	CORE5_LD_INSTR     : 512
	CORE5_ST_INSTR     : 769
	CORE5_TENSOR_INSTR : 0
	CORE5_TOT_INSTR    : 2029401
Core: 6
	CORE6_TOT_CYCLES   : 2029518
	CORE6_STALL_CYCLES : 390025
	CORE6_LD_INSTR     : 512
	CORE6_ST_INSTR     : 769
	CORE6_TENSOR_INSTR : 0
	CORE6_TOT_INSTR    : 2029518
Core: 7
	CORE7_TOT_CYCLES   : 2029199
	CORE7_STALL_CYCLES : 384467
	CORE7_LD_INSTR     : 512
	CORE7_ST_INSTR     : 769
	CORE7_TENSOR_INSTR : 0
	CORE7_TOT_INSTR    : 2029199
========== starting kernel 11 ==========
RAM resp id:254000 m_cycle=2036196 req_time=2035993 resp_time=203 total_latency=31205269
core 6 retired
core 0 retired
core 1 retired
core 2 retired
core 3 retired
core 4 retired
core 5 retired
core 7 retired
========== kernel 11 summary ==========
Core: 0
	CORE0_TOT_CYCLES   : 2043924
	CORE0_STALL_CYCLES : 388017
	CORE0_LD_INSTR     : 128
	CORE0_ST_INSTR     : 5
	CORE0_TENSOR_INSTR : 0
	CORE0_TOT_INSTR    : 2043924
Core: 1
	CORE1_TOT_CYCLES   : 2043925
	CORE1_STALL_CYCLES : 399077
	CORE1_LD_INSTR     : 128
	CORE1_ST_INSTR     : 5
	CORE1_TENSOR_INSTR : 0
	CORE1_TOT_INSTR    : 2043925
Core: 2
	CORE2_TOT_CYCLES   : 2043926
	CORE2_STALL_CYCLES : 385176
	CORE2_LD_INSTR     : 128
	CORE2_ST_INSTR     : 5
	CORE2_TENSOR_INSTR : 0
	CORE2_TOT_INSTR    : 2043926
Core: 3
	CORE3_TOT_CYCLES   : 2043927
	CORE3_STALL_CYCLES : 388923
	CORE3_LD_INSTR     : 128
	CORE3_ST_INSTR     : 5
	CORE3_TENSOR_INSTR : 0
	CORE3_TOT_INSTR    : 2043927
Core: 4
	CORE4_TOT_CYCLES   : 2043928
	CORE4_STALL_CYCLES : 388075
	CORE4_LD_INSTR     : 128
	CORE4_ST_INSTR     : 5
	CORE4_TENSOR_INSTR : 0
	CORE4_TOT_INSTR    : 2043928
Core: 5
	CORE5_TOT_CYCLES   : 2043929
	CORE5_STALL_CYCLES : 398990
	CORE5_LD_INSTR     : 128
	CORE5_ST_INSTR     : 5
	CORE5_TENSOR_INSTR : 0
	CORE5_TOT_INSTR    : 2043929
Core: 6
	CORE6_TOT_CYCLES   : 2043642
	CORE6_STALL_CYCLES : 392875
	CORE6_LD_INSTR     : 129
	CORE6_ST_INSTR     : 8
	CORE6_TENSOR_INSTR : 0
	CORE6_TOT_INSTR    : 2043642
Core: 7
	CORE7_TOT_CYCLES   : 2043931
	CORE7_STALL_CYCLES : 387610
	CORE7_LD_INSTR     : 128
	CORE7_ST_INSTR     : 5
	CORE7_TENSOR_INSTR : 0
	CORE7_TOT_INSTR    : 2043931
========== starting kernel 12 ==========
core 2 retired
core 3 retired
core 4 retired
core 5 retired
core 6 retired
core 7 retired
core 1 retired
core 0 retired
========== kernel 12 summary ==========
Core: 0
	CORE0_TOT_CYCLES   : 2047396
	CORE0_STALL_CYCLES : 388017
	CORE0_LD_INSTR     : 8
	CORE0_ST_INSTR     : 1
	CORE0_TENSOR_INSTR : 0
	CORE0_TOT_INSTR    : 2047396
Core: 1
	CORE1_TOT_CYCLES   : 2045958
	CORE1_STALL_CYCLES : 399642
	CORE1_LD_INSTR     : 7
	CORE1_ST_INSTR     : 0
	CORE1_TENSOR_INSTR : 0
	CORE1_TOT_INSTR    : 2045958
Core: 2
	CORE2_TOT_CYCLES   : 2043932
	CORE2_STALL_CYCLES : 385176
	CORE2_LD_INSTR     : 0
	CORE2_ST_INSTR     : 0
	CORE2_TENSOR_INSTR : 0
	CORE2_TOT_INSTR    : 2043932
Core: 3
	CORE3_TOT_CYCLES   : 2043932
	CORE3_STALL_CYCLES : 388923
	CORE3_LD_INSTR     : 0
	CORE3_ST_INSTR     : 0
	CORE3_TENSOR_INSTR : 0
	CORE3_TOT_INSTR    : 2043932
Core: 4
	CORE4_TOT_CYCLES   : 2043932
	CORE4_STALL_CYCLES : 388075
	CORE4_LD_INSTR     : 0
	CORE4_ST_INSTR     : 0
	CORE4_TENSOR_INSTR : 0
	CORE4_TOT_INSTR    : 2043932
Core: 5
	CORE5_TOT_CYCLES   : 2043932
	CORE5_STALL_CYCLES : 398990
	CORE5_LD_INSTR     : 0
	CORE5_ST_INSTR     : 0
	CORE5_TENSOR_INSTR : 0
	CORE5_TOT_INSTR    : 2043932
Core: 6
	CORE6_TOT_CYCLES   : 2043932
	CORE6_STALL_CYCLES : 392875
	CORE6_LD_INSTR     : 0
	CORE6_ST_INSTR     : 0
	CORE6_TENSOR_INSTR : 0
	CORE6_TOT_INSTR    : 2043932
Core: 7
	CORE7_TOT_CYCLES   : 2043932
	CORE7_STALL_CYCLES : 387610
	CORE7_LD_INSTR     : 0
	CORE7_ST_INSTR     : 0
	CORE7_TENSOR_INSTR : 0
	CORE7_TOT_INSTR    : 2043932
GPU Retired.
**************************************************
Simulation finished @ Tue Apr 21 18:03:14 2026

Total simulation time: 0:0:26

============= MacSim Stats =============
Macsim:
	NUM_CYCLES              : 2047395
	NUM_INSTRS_RETIRED      : 12896154
	NUM_STALL_CYCLES        : 3129308
	NUM_MEM_REQUESTS        : 254599
	NUM_MEM_RESPONSES       : 254599
	AVG_RESPONSE_LATENCY    : 123
	NUM_TTIMEDOUT_REQUESTS  : 0
	INSTR_PER_CYCLE         : 6.298811
Cache:
	CACHE_NUM_ACCESSES    : 723627
	CACHE_NUM_HITS        : 275076
	CACHE_HIT_RATE_PERC   : 38.01
	MISSES_PER_1000_INSTR : 34.78

========================================

[END OF GPU SIMULATION]
